2025-12-22T21:38:33.517130Z  INFO tailwindcss_oxide::scanner: Provided sources:
2025-12-22T21:38:33.517289Z  INFO tailwindcss_oxide::scanner: Source: PublicSourceEntry { base: "C:\\Users\\ABA\\L9ani", pattern: "**/*", negated: false }
2025-12-22T21:38:33.518000Z  INFO tailwindcss_oxide::scanner: Optimized sources:
2025-12-22T21:38:33.518046Z  INFO tailwindcss_oxide::scanner: Source: Auto { base: "C:\\Users\\ABA\\L9ani" }
2025-12-22T21:38:33.520340Z  INFO scan_sources: tailwindcss_oxide::scanner: enter
2025-12-22T21:38:33.521972Z  INFO scan_sources: tailwindcss_oxide::scanner: Discovering "C:\\Users\\ABA\\L9ani\\database"
2025-12-22T21:38:33.522296Z  INFO scan_sources: tailwindcss_oxide::scanner: Discovering "C:\\Users\\ABA\\L9ani\\database\\migrations"
2025-12-22T21:38:33.522478Z  INFO scan_sources: tailwindcss_oxide::scanner: Discovering "C:\\Users\\ABA\\L9ani\\database\\migrations\\001_create_admin_roles.sql"
2025-12-22T21:38:33.522550Z  INFO scan_sources: tailwindcss_oxide::scanner: Discovering "C:\\Users\\ABA\\L9ani\\database\\migrations\\002_modular_report_schema.sql"
2025-12-22T21:38:33.522612Z  INFO scan_sources: tailwindcss_oxide::scanner: Discovering "C:\\Users\\ABA\\L9ani\\database\\migrations\\003_remove_legacy_tables.sql"
2025-12-22T21:38:33.522675Z  INFO scan_sources: tailwindcss_oxide::scanner: Discovering "C:\\Users\\ABA\\L9ani\\database\\migrations\\004_create_storage_bucket.sql"
2025-12-22T21:38:33.522739Z  INFO scan_sources: tailwindcss_oxide::scanner: Discovering "C:\\Users\\ABA\\L9ani\\database\\migrations\\005_fix_view_security.sql"
2025-12-22T21:38:33.522801Z  INFO scan_sources: tailwindcss_oxide::scanner: Discovering "C:\\Users\\ABA\\L9ani\\database\\migrations\\006_fix_function_search_path.sql"
2025-12-22T21:38:33.522862Z  INFO scan_sources: tailwindcss_oxide::scanner: Discovering "C:\\Users\\ABA\\L9ani\\database\\migrations\\007_create_profile_pictures_bucket.sql"
2025-12-22T21:38:33.522923Z  INFO scan_sources: tailwindcss_oxide::scanner: Discovering "C:\\Users\\ABA\\L9ani\\database\\migrations\\010_sighting_reports_schema.sql"
2025-12-22T21:38:33.522983Z  INFO scan_sources: tailwindcss_oxide::scanner: Discovering "C:\\Users\\ABA\\L9ani\\database\\migrations\\011_notifications_schema.sql"
2025-12-22T21:38:33.523044Z  INFO scan_sources: tailwindcss_oxide::scanner: Discovering "C:\\Users\\ABA\\L9ani\\database\\migrations\\012_custom_email_change.sql"
2025-12-22T21:38:33.523105Z  INFO scan_sources: tailwindcss_oxide::scanner: Discovering "C:\\Users\\ABA\\L9ani\\database\\migrations\\013_cleanup_legacy_email_change.sql"
2025-12-22T21:38:33.523169Z  INFO scan_sources: tailwindcss_oxide::scanner: Discovering "C:\\Users\\ABA\\L9ani\\database\\migrations\\014_unlink_oauth_function.sql"
2025-12-22T21:38:33.523228Z  INFO scan_sources: tailwindcss_oxide::scanner: Discovering "C:\\Users\\ABA\\L9ani\\database\\migrations\\015_email_verification_token.sql"
2025-12-22T21:38:33.523287Z  INFO scan_sources: tailwindcss_oxide::scanner: Discovering "C:\\Users\\ABA\\L9ani\\database\\migrations\\016_password_reset_token.sql"
2025-12-22T21:38:33.523425Z  INFO scan_sources: tailwindcss_oxide::scanner: Discovering "C:\\Users\\ABA\\L9ani\\docs"
2025-12-22T21:38:33.523572Z  INFO scan_sources: tailwindcss_oxide::scanner: Discovering "C:\\Users\\ABA\\L9ani\\docs\\CHATBOT.md"
2025-12-22T21:38:33.523678Z  INFO scan_sources: tailwindcss_oxide::scanner: Discovering "C:\\Users\\ABA\\L9ani\\docs\\email-templates"
2025-12-22T21:38:33.523814Z  INFO scan_sources: tailwindcss_oxide::scanner: Discovering "C:\\Users\\ABA\\L9ani\\docs\\email-templates\\change-email-ar.html"
2025-12-22T21:38:33.523887Z  INFO scan_sources: tailwindcss_oxide::scanner: Discovering "C:\\Users\\ABA\\L9ani\\docs\\email-templates\\change-email.html"
2025-12-22T21:38:33.523950Z  INFO scan_sources: tailwindcss_oxide::scanner: Discovering "C:\\Users\\ABA\\L9ani\\docs\\email-templates\\confirm-signup-ar.html"
2025-12-22T21:38:33.524009Z  INFO scan_sources: tailwindcss_oxide::scanner: Discovering "C:\\Users\\ABA\\L9ani\\docs\\email-templates\\confirm-signup.html"
2025-12-22T21:38:33.524084Z  INFO scan_sources: tailwindcss_oxide::scanner: Discovering "C:\\Users\\ABA\\L9ani\\docs\\email-templates\\reset-password.html"
2025-12-22T21:38:33.524272Z  INFO scan_sources: tailwindcss_oxide::scanner: Discovering "C:\\Users\\ABA\\L9ani\\ENV_SETUP_GUIDE.md"
2025-12-22T21:38:33.524358Z  INFO scan_sources: tailwindcss_oxide::scanner: Discovering "C:\\Users\\ABA\\L9ani\\eslint.config.mjs"
2025-12-22T21:38:33.524422Z  INFO scan_sources: tailwindcss_oxide::scanner: Discovering "C:\\Users\\ABA\\L9ani\\jsconfig.json"
2025-12-22T21:38:33.524481Z  INFO scan_sources: tailwindcss_oxide::scanner: Discovering "C:\\Users\\ABA\\L9ani\\LICENCE.txt"
2025-12-22T21:38:33.524542Z  INFO scan_sources: tailwindcss_oxide::scanner: Discovering "C:\\Users\\ABA\\L9ani\\next-i18next.config.js"
2025-12-22T21:38:33.524606Z  INFO scan_sources: tailwindcss_oxide::scanner: Discovering "C:\\Users\\ABA\\L9ani\\next.config.mjs"
2025-12-22T21:38:33.524841Z  INFO scan_sources: tailwindcss_oxide::scanner: Discovering "C:\\Users\\ABA\\L9ani\\package.json"
2025-12-22T21:38:33.524902Z  INFO scan_sources: tailwindcss_oxide::scanner: Discovering "C:\\Users\\ABA\\L9ani\\postcss.config.mjs"
2025-12-22T21:38:33.525009Z  INFO scan_sources: tailwindcss_oxide::scanner: Discovering "C:\\Users\\ABA\\L9ani\\public"
2025-12-22T21:38:33.525179Z  INFO scan_sources: tailwindcss_oxide::scanner: Discovering "C:\\Users\\ABA\\L9ani\\public\\avatars"
2025-12-22T21:38:33.525402Z  INFO scan_sources: tailwindcss_oxide::scanner: Discovering "C:\\Users\\ABA\\L9ani\\public\\file.svg"
2025-12-22T21:38:33.525504Z  INFO scan_sources: tailwindcss_oxide::scanner: Discovering "C:\\Users\\ABA\\L9ani\\public\\fonts"
2025-12-22T21:38:33.525709Z  INFO scan_sources: tailwindcss_oxide::scanner: Discovering "C:\\Users\\ABA\\L9ani\\public\\globe.svg"
2025-12-22T21:38:33.525839Z  INFO scan_sources: tailwindcss_oxide::scanner: Discovering "C:\\Users\\ABA\\L9ani\\public\\icons"
2025-12-22T21:38:33.525974Z  INFO scan_sources: tailwindcss_oxide::scanner: Discovering "C:\\Users\\ABA\\L9ani\\public\\icons\\logo.svg"
2025-12-22T21:38:33.526099Z  INFO scan_sources: tailwindcss_oxide::scanner: Discovering "C:\\Users\\ABA\\L9ani\\public\\locales"
2025-12-22T21:38:33.526259Z  INFO scan_sources: tailwindcss_oxide::scanner: Discovering "C:\\Users\\ABA\\L9ani\\public\\locales\\ar"
2025-12-22T21:38:33.526392Z  INFO scan_sources: tailwindcss_oxide::scanner: Discovering "C:\\Users\\ABA\\L9ani\\public\\locales\\ar\\about.json"
2025-12-22T21:38:33.526451Z  INFO scan_sources: tailwindcss_oxide::scanner: Discovering "C:\\Users\\ABA\\L9ani\\public\\locales\\ar\\admin.json"
2025-12-22T21:38:33.526521Z  INFO scan_sources: tailwindcss_oxide::scanner: Discovering "C:\\Users\\ABA\\L9ani\\public\\locales\\ar\\auth.json"
2025-12-22T21:38:33.526579Z  INFO scan_sources: tailwindcss_oxide::scanner: Discovering "C:\\Users\\ABA\\L9ani\\public\\locales\\ar\\chat.json"
2025-12-22T21:38:33.526639Z  INFO scan_sources: tailwindcss_oxide::scanner: Discovering "C:\\Users\\ABA\\L9ani\\public\\locales\\ar\\common.json"
2025-12-22T21:38:33.526696Z  INFO scan_sources: tailwindcss_oxide::scanner: Discovering "C:\\Users\\ABA\\L9ani\\public\\locales\\ar\\contact.json"
2025-12-22T21:38:33.526755Z  INFO scan_sources: tailwindcss_oxide::scanner: Discovering "C:\\Users\\ABA\\L9ani\\public\\locales\\ar\\footer.json"
2025-12-22T21:38:33.526813Z  INFO scan_sources: tailwindcss_oxide::scanner: Discovering "C:\\Users\\ABA\\L9ani\\public\\locales\\ar\\header.json"
2025-12-22T21:38:33.526871Z  INFO scan_sources: tailwindcss_oxide::scanner: Discovering "C:\\Users\\ABA\\L9ani\\public\\locales\\ar\\home.json"
2025-12-22T21:38:33.526931Z  INFO scan_sources: tailwindcss_oxide::scanner: Discovering "C:\\Users\\ABA\\L9ani\\public\\locales\\ar\\myreport.json"
2025-12-22T21:38:33.526991Z  INFO scan_sources: tailwindcss_oxide::scanner: Discovering "C:\\Users\\ABA\\L9ani\\public\\locales\\ar\\notifications.json"
2025-12-22T21:38:33.527051Z  INFO scan_sources: tailwindcss_oxide::scanner: Discovering "C:\\Users\\ABA\\L9ani\\public\\locales\\ar\\privacy.json"
2025-12-22T21:38:33.527138Z  INFO scan_sources: tailwindcss_oxide::scanner: Discovering "C:\\Users\\ABA\\L9ani\\public\\locales\\ar\\profile.json"
2025-12-22T21:38:33.527199Z  INFO scan_sources: tailwindcss_oxide::scanner: Discovering "C:\\Users\\ABA\\L9ani\\public\\locales\\ar\\reportMissing.json"
2025-12-22T21:38:33.527261Z  INFO scan_sources: tailwindcss_oxide::scanner: Discovering "C:\\Users\\ABA\\L9ani\\public\\locales\\ar\\reportSighting.json"
2025-12-22T21:38:33.527320Z  INFO scan_sources: tailwindcss_oxide::scanner: Discovering "C:\\Users\\ABA\\L9ani\\public\\locales\\ar\\settings.json"
2025-12-22T21:38:33.527441Z  INFO scan_sources: tailwindcss_oxide::scanner: Discovering "C:\\Users\\ABA\\L9ani\\public\\locales\\en"
2025-12-22T21:38:33.527574Z  INFO scan_sources: tailwindcss_oxide::scanner: Discovering "C:\\Users\\ABA\\L9ani\\public\\locales\\en\\about.json"
2025-12-22T21:38:33.527633Z  INFO scan_sources: tailwindcss_oxide::scanner: Discovering "C:\\Users\\ABA\\L9ani\\public\\locales\\en\\admin.json"
2025-12-22T21:38:33.527691Z  INFO scan_sources: tailwindcss_oxide::scanner: Discovering "C:\\Users\\ABA\\L9ani\\public\\locales\\en\\auth.json"
2025-12-22T21:38:33.527749Z  INFO scan_sources: tailwindcss_oxide::scanner: Discovering "C:\\Users\\ABA\\L9ani\\public\\locales\\en\\chat.json"
2025-12-22T21:38:33.527808Z  INFO scan_sources: tailwindcss_oxide::scanner: Discovering "C:\\Users\\ABA\\L9ani\\public\\locales\\en\\common.json"
2025-12-22T21:38:33.527874Z  INFO scan_sources: tailwindcss_oxide::scanner: Discovering "C:\\Users\\ABA\\L9ani\\public\\locales\\en\\contact.json"
2025-12-22T21:38:33.527932Z  INFO scan_sources: tailwindcss_oxide::scanner: Discovering "C:\\Users\\ABA\\L9ani\\public\\locales\\en\\footer.json"
2025-12-22T21:38:33.527990Z  INFO scan_sources: tailwindcss_oxide::scanner: Discovering "C:\\Users\\ABA\\L9ani\\public\\locales\\en\\header.json"
2025-12-22T21:38:33.528047Z  INFO scan_sources: tailwindcss_oxide::scanner: Discovering "C:\\Users\\ABA\\L9ani\\public\\locales\\en\\home.json"
2025-12-22T21:38:33.528113Z  INFO scan_sources: tailwindcss_oxide::scanner: Discovering "C:\\Users\\ABA\\L9ani\\public\\locales\\en\\myreport.json"
2025-12-22T21:38:33.528179Z  INFO scan_sources: tailwindcss_oxide::scanner: Discovering "C:\\Users\\ABA\\L9ani\\public\\locales\\en\\notifications.json"
2025-12-22T21:38:33.528237Z  INFO scan_sources: tailwindcss_oxide::scanner: Discovering "C:\\Users\\ABA\\L9ani\\public\\locales\\en\\privacy.json"
2025-12-22T21:38:33.528295Z  INFO scan_sources: tailwindcss_oxide::scanner: Discovering "C:\\Users\\ABA\\L9ani\\public\\locales\\en\\profile.json"
2025-12-22T21:38:33.528352Z  INFO scan_sources: tailwindcss_oxide::scanner: Discovering "C:\\Users\\ABA\\L9ani\\public\\locales\\en\\reportMissing.json"
2025-12-22T21:38:33.528410Z  INFO scan_sources: tailwindcss_oxide::scanner: Discovering "C:\\Users\\ABA\\L9ani\\public\\locales\\en\\reportSighting.json"
2025-12-22T21:38:33.528468Z  INFO scan_sources: tailwindcss_oxide::scanner: Discovering "C:\\Users\\ABA\\L9ani\\public\\locales\\en\\settings.json"
2025-12-22T21:38:33.528561Z  INFO scan_sources: tailwindcss_oxide::scanner: Discovering "C:\\Users\\ABA\\L9ani\\public\\next.svg"
2025-12-22T21:38:33.528622Z  INFO scan_sources: tailwindcss_oxide::scanner: Discovering "C:\\Users\\ABA\\L9ani\\public\\vercel.svg"
2025-12-22T21:38:33.528685Z  INFO scan_sources: tailwindcss_oxide::scanner: Discovering "C:\\Users\\ABA\\L9ani\\public\\window.svg"
2025-12-22T21:38:33.528760Z  INFO scan_sources: tailwindcss_oxide::scanner: Discovering "C:\\Users\\ABA\\L9ani\\README.md"
2025-12-22T21:38:33.528867Z  INFO scan_sources: tailwindcss_oxide::scanner: Discovering "C:\\Users\\ABA\\L9ani\\src"
2025-12-22T21:38:33.529033Z  INFO scan_sources: tailwindcss_oxide::scanner: Discovering "C:\\Users\\ABA\\L9ani\\src\\app"
2025-12-22T21:38:33.529193Z  INFO scan_sources: tailwindcss_oxide::scanner: Discovering "C:\\Users\\ABA\\L9ani\\src\\app\\api"
2025-12-22T21:38:33.529369Z  INFO scan_sources: tailwindcss_oxide::scanner: Discovering "C:\\Users\\ABA\\L9ani\\src\\app\\api\\admin"
2025-12-22T21:38:33.529541Z  INFO scan_sources: tailwindcss_oxide::scanner: Discovering "C:\\Users\\ABA\\L9ani\\src\\app\\api\\admin\\check"
2025-12-22T21:38:33.529665Z  INFO scan_sources: tailwindcss_oxide::scanner: Discovering "C:\\Users\\ABA\\L9ani\\src\\app\\api\\admin\\check\\route.js"
2025-12-22T21:38:33.529799Z  INFO scan_sources: tailwindcss_oxide::scanner: Discovering "C:\\Users\\ABA\\L9ani\\src\\app\\api\\admin\\reports"
2025-12-22T21:38:33.529936Z  INFO scan_sources: tailwindcss_oxide::scanner: Discovering "C:\\Users\\ABA\\L9ani\\src\\app\\api\\admin\\reports\\route.js"
2025-12-22T21:38:33.530052Z  INFO scan_sources: tailwindcss_oxide::scanner: Discovering "C:\\Users\\ABA\\L9ani\\src\\app\\api\\admin\\sighting-reports"
2025-12-22T21:38:33.530175Z  INFO scan_sources: tailwindcss_oxide::scanner: Discovering "C:\\Users\\ABA\\L9ani\\src\\app\\api\\admin\\sighting-reports\\route.js"
2025-12-22T21:38:33.530308Z  INFO scan_sources: tailwindcss_oxide::scanner: Discovering "C:\\Users\\ABA\\L9ani\\src\\app\\api\\auth"
2025-12-22T21:38:33.530561Z  INFO scan_sources: tailwindcss_oxide::scanner: Discovering "C:\\Users\\ABA\\L9ani\\src\\app\\api\\auth\\callback"
2025-12-22T21:38:33.530713Z  INFO scan_sources: tailwindcss_oxide::scanner: Discovering "C:\\Users\\ABA\\L9ani\\src\\app\\api\\auth\\callback\\route.js"
2025-12-22T21:38:33.530832Z  INFO scan_sources: tailwindcss_oxide::scanner: Discovering "C:\\Users\\ABA\\L9ani\\src\\app\\api\\auth\\change-password"
2025-12-22T21:38:33.530953Z  INFO scan_sources: tailwindcss_oxide::scanner: Discovering "C:\\Users\\ABA\\L9ani\\src\\app\\api\\auth\\change-password\\route.js"
2025-12-22T21:38:33.531067Z  INFO scan_sources: tailwindcss_oxide::scanner: Discovering "C:\\Users\\ABA\\L9ani\\src\\app\\api\\auth\\confirm"
2025-12-22T21:38:33.531190Z  INFO scan_sources: tailwindcss_oxide::scanner: Discovering "C:\\Users\\ABA\\L9ani\\src\\app\\api\\auth\\confirm\\route.js"
2025-12-22T21:38:33.531305Z  INFO scan_sources: tailwindcss_oxide::scanner: Discovering "C:\\Users\\ABA\\L9ani\\src\\app\\api\\auth\\confirm-email-change"
2025-12-22T21:38:33.531466Z  INFO scan_sources: tailwindcss_oxide::scanner: Discovering "C:\\Users\\ABA\\L9ani\\src\\app\\api\\auth\\confirm-email-change\\route.js"
2025-12-22T21:38:33.531584Z  INFO scan_sources: tailwindcss_oxide::scanner: Discovering "C:\\Users\\ABA\\L9ani\\src\\app\\api\\auth\\confirm-password-reset"
2025-12-22T21:38:33.531705Z  INFO scan_sources: tailwindcss_oxide::scanner: Discovering "C:\\Users\\ABA\\L9ani\\src\\app\\api\\auth\\confirm-password-reset\\route.js"
2025-12-22T21:38:33.531850Z  INFO scan_sources: tailwindcss_oxide::scanner: Discovering "C:\\Users\\ABA\\L9ani\\src\\app\\api\\auth\\confirm-signup"
2025-12-22T21:38:33.532174Z  INFO scan_sources: tailwindcss_oxide::scanner: Discovering "C:\\Users\\ABA\\L9ani\\src\\app\\api\\auth\\confirm-signup\\route.js"
2025-12-22T21:38:33.532441Z  INFO scan_sources: tailwindcss_oxide::scanner: Discovering "C:\\Users\\ABA\\L9ani\\src\\app\\api\\auth\\forgot-password"
2025-12-22T21:38:33.532663Z  INFO scan_sources: tailwindcss_oxide::scanner: Discovering "C:\\Users\\ABA\\L9ani\\src\\app\\api\\auth\\login"
2025-12-22T21:38:33.532818Z  INFO scan_sources: tailwindcss_oxide::scanner: Discovering "C:\\Users\\ABA\\L9ani\\src\\app\\api\\auth\\login\\route.js"
2025-12-22T21:38:33.533001Z  INFO scan_sources: tailwindcss_oxide::scanner: Discovering "C:\\Users\\ABA\\L9ani\\src\\app\\api\\auth\\request-email-change"
2025-12-22T21:38:33.533190Z  INFO scan_sources: tailwindcss_oxide::scanner: Discovering "C:\\Users\\ABA\\L9ani\\src\\app\\api\\auth\\request-email-change\\route.js"
2025-12-22T21:38:33.533383Z  INFO scan_sources: tailwindcss_oxide::scanner: Discovering "C:\\Users\\ABA\\L9ani\\src\\app\\api\\auth\\request-password-reset"
2025-12-22T21:38:33.534201Z  INFO scan_sources: tailwindcss_oxide::scanner: Discovering "C:\\Users\\ABA\\L9ani\\src\\app\\api\\auth\\request-password-reset\\route.js"
2025-12-22T21:38:33.534582Z  INFO scan_sources: tailwindcss_oxide::scanner: Discovering "C:\\Users\\ABA\\L9ani\\src\\app\\api\\auth\\resend-code"
2025-12-22T21:38:33.535134Z  INFO scan_sources: tailwindcss_oxide::scanner: Discovering "C:\\Users\\ABA\\L9ani\\src\\app\\api\\auth\\resend-verification"
2025-12-22T21:38:33.535352Z  INFO scan_sources: tailwindcss_oxide::scanner: Discovering "C:\\Users\\ABA\\L9ani\\src\\app\\api\\auth\\resend-verification\\route.js"
2025-12-22T21:38:33.535519Z  INFO scan_sources: tailwindcss_oxide::scanner: Discovering "C:\\Users\\ABA\\L9ani\\src\\app\\api\\auth\\reset-password"
2025-12-22T21:38:33.535700Z  INFO scan_sources: tailwindcss_oxide::scanner: Discovering "C:\\Users\\ABA\\L9ani\\src\\app\\api\\auth\\reset-password\\route.js"
2025-12-22T21:38:33.535842Z  INFO scan_sources: tailwindcss_oxide::scanner: Discovering "C:\\Users\\ABA\\L9ani\\src\\app\\api\\auth\\set-password"
2025-12-22T21:38:33.536009Z  INFO scan_sources: tailwindcss_oxide::scanner: Discovering "C:\\Users\\ABA\\L9ani\\src\\app\\api\\auth\\set-password\\route.js"
2025-12-22T21:38:33.536142Z  INFO scan_sources: tailwindcss_oxide::scanner: Discovering "C:\\Users\\ABA\\L9ani\\src\\app\\api\\auth\\signup"
2025-12-22T21:38:33.536340Z  INFO scan_sources: tailwindcss_oxide::scanner: Discovering "C:\\Users\\ABA\\L9ani\\src\\app\\api\\auth\\signup\\route.js"
2025-12-22T21:38:33.536473Z  INFO scan_sources: tailwindcss_oxide::scanner: Discovering "C:\\Users\\ABA\\L9ani\\src\\app\\api\\auth\\verify"
2025-12-22T21:38:33.536669Z  INFO scan_sources: tailwindcss_oxide::scanner: Discovering "C:\\Users\\ABA\\L9ani\\src\\app\\api\\auth\\verify\\route.js"
2025-12-22T21:38:33.536820Z  INFO scan_sources: tailwindcss_oxide::scanner: Discovering "C:\\Users\\ABA\\L9ani\\src\\app\\api\\auth\\verify-password"
2025-12-22T21:38:33.536968Z  INFO scan_sources: tailwindcss_oxide::scanner: Discovering "C:\\Users\\ABA\\L9ani\\src\\app\\api\\auth\\verify-password\\route.js"
2025-12-22T21:38:33.537107Z  INFO scan_sources: tailwindcss_oxide::scanner: Discovering "C:\\Users\\ABA\\L9ani\\src\\app\\api\\chat"
2025-12-22T21:38:33.537494Z  INFO scan_sources: tailwindcss_oxide::scanner: Discovering "C:\\Users\\ABA\\L9ani\\src\\app\\api\\chat\\feedback"
2025-12-22T21:38:33.537820Z  INFO scan_sources: tailwindcss_oxide::scanner: Discovering "C:\\Users\\ABA\\L9ani\\src\\app\\api\\chat\\feedback\\route.js"
2025-12-22T21:38:33.538825Z  INFO scan_sources: tailwindcss_oxide::scanner: Discovering "C:\\Users\\ABA\\L9ani\\src\\app\\api\\chat\\quick-replies"
2025-12-22T21:38:33.540214Z  INFO scan_sources: tailwindcss_oxide::scanner: Discovering "C:\\Users\\ABA\\L9ani\\src\\app\\api\\chat\\quick-replies\\route.js"
2025-12-22T21:38:33.540397Z  INFO scan_sources: tailwindcss_oxide::scanner: Discovering "C:\\Users\\ABA\\L9ani\\src\\app\\api\\chat\\route.js"
2025-12-22T21:38:33.540624Z  INFO scan_sources: tailwindcss_oxide::scanner: Discovering "C:\\Users\\ABA\\L9ani\\src\\app\\api\\delete-account"
2025-12-22T21:38:33.540941Z  INFO scan_sources: tailwindcss_oxide::scanner: Discovering "C:\\Users\\ABA\\L9ani\\src\\app\\api\\delete-account\\route.js"
2025-12-22T21:38:33.541260Z  INFO scan_sources: tailwindcss_oxide::scanner: Discovering "C:\\Users\\ABA\\L9ani\\src\\app\\api\\email-check"
2025-12-22T21:38:33.541586Z  INFO scan_sources: tailwindcss_oxide::scanner: Discovering "C:\\Users\\ABA\\L9ani\\src\\app\\api\\email-check\\route.js"
2025-12-22T21:38:33.541824Z  INFO scan_sources: tailwindcss_oxide::scanner: Discovering "C:\\Users\\ABA\\L9ani\\src\\app\\api\\notifications"
2025-12-22T21:38:33.542179Z  INFO scan_sources: tailwindcss_oxide::scanner: Discovering "C:\\Users\\ABA\\L9ani\\src\\app\\api\\notifications\\read-all"
2025-12-22T21:38:33.542856Z  INFO scan_sources: tailwindcss_oxide::scanner: Discovering "C:\\Users\\ABA\\L9ani\\src\\app\\api\\notifications\\read-all\\route.js"
2025-12-22T21:38:33.543600Z  INFO scan_sources: tailwindcss_oxide::scanner: Discovering "C:\\Users\\ABA\\L9ani\\src\\app\\api\\notifications\\route.js"
2025-12-22T21:38:33.543877Z  INFO scan_sources: tailwindcss_oxide::scanner: Discovering "C:\\Users\\ABA\\L9ani\\src\\app\\api\\notifications\\unread-count"
2025-12-22T21:38:33.544196Z  INFO scan_sources: tailwindcss_oxide::scanner: Discovering "C:\\Users\\ABA\\L9ani\\src\\app\\api\\notifications\\unread-count\\route.js"
2025-12-22T21:38:33.544436Z  INFO scan_sources: tailwindcss_oxide::scanner: Discovering "C:\\Users\\ABA\\L9ani\\src\\app\\api\\notifications\\[id]"
2025-12-22T21:38:33.544676Z  INFO scan_sources: tailwindcss_oxide::scanner: Discovering "C:\\Users\\ABA\\L9ani\\src\\app\\api\\notifications\\[id]\\route.js"
2025-12-22T21:38:33.544938Z  INFO scan_sources: tailwindcss_oxide::scanner: Discovering "C:\\Users\\ABA\\L9ani\\src\\app\\api\\reports"
2025-12-22T21:38:33.545240Z  INFO scan_sources: tailwindcss_oxide::scanner: Discovering "C:\\Users\\ABA\\L9ani\\src\\app\\api\\reports\\missing"
2025-12-22T21:38:33.545474Z  INFO scan_sources: tailwindcss_oxide::scanner: Discovering "C:\\Users\\ABA\\L9ani\\src\\app\\api\\reports\\missing\\route.js"
2025-12-22T21:38:33.545624Z  INFO scan_sources: tailwindcss_oxide::scanner: Discovering "C:\\Users\\ABA\\L9ani\\src\\app\\api\\reports\\route.js"
2025-12-22T21:38:33.545801Z  INFO scan_sources: tailwindcss_oxide::scanner: Discovering "C:\\Users\\ABA\\L9ani\\src\\app\\api\\reports\\sighting"
2025-12-22T21:38:33.546050Z  INFO scan_sources: tailwindcss_oxide::scanner: Discovering "C:\\Users\\ABA\\L9ani\\src\\app\\api\\reports\\sighting\\route.js"
2025-12-22T21:38:33.546317Z  INFO scan_sources: tailwindcss_oxide::scanner: Discovering "C:\\Users\\ABA\\L9ani\\src\\app\\api\\user"
2025-12-22T21:38:33.546646Z  INFO scan_sources: tailwindcss_oxide::scanner: Discovering "C:\\Users\\ABA\\L9ani\\src\\app\\api\\user\\accept-terms"
2025-12-22T21:38:33.546895Z  INFO scan_sources: tailwindcss_oxide::scanner: Discovering "C:\\Users\\ABA\\L9ani\\src\\app\\api\\user\\accept-terms\\route.js"
2025-12-22T21:38:33.547116Z  INFO scan_sources: tailwindcss_oxide::scanner: Discovering "C:\\Users\\ABA\\L9ani\\src\\app\\api\\user\\profile"
2025-12-22T21:38:33.547356Z  INFO scan_sources: tailwindcss_oxide::scanner: Discovering "C:\\Users\\ABA\\L9ani\\src\\app\\api\\user\\profile\\route.js"
2025-12-22T21:38:33.547578Z  INFO scan_sources: tailwindcss_oxide::scanner: Discovering "C:\\Users\\ABA\\L9ani\\src\\app\\api\\user\\settings"
2025-12-22T21:38:33.547814Z  INFO scan_sources: tailwindcss_oxide::scanner: Discovering "C:\\Users\\ABA\\L9ani\\src\\app\\api\\user\\settings\\route.js"
2025-12-22T21:38:33.548033Z  INFO scan_sources: tailwindcss_oxide::scanner: Discovering "C:\\Users\\ABA\\L9ani\\src\\app\\api\\user\\update"
2025-12-22T21:38:33.548392Z  INFO scan_sources: tailwindcss_oxide::scanner: Discovering "C:\\Users\\ABA\\L9ani\\src\\app\\api\\user\\update\\route.js"
2025-12-22T21:38:33.548983Z  INFO scan_sources: tailwindcss_oxide::scanner: Discovering "C:\\Users\\ABA\\L9ani\\src\\app\\api\\user\\upload-profile-picture"
2025-12-22T21:38:33.549281Z  INFO scan_sources: tailwindcss_oxide::scanner: Discovering "C:\\Users\\ABA\\L9ani\\src\\app\\api\\user\\upload-profile-picture\\route.js"
2025-12-22T21:38:33.550134Z  INFO scan_sources: tailwindcss_oxide::scanner: Discovering "C:\\Users\\ABA\\L9ani\\src\\app\\api\\username-check"
2025-12-22T21:38:33.550603Z  INFO scan_sources: tailwindcss_oxide::scanner: Discovering "C:\\Users\\ABA\\L9ani\\src\\app\\api\\username-check\\route.js"
2025-12-22T21:38:33.550860Z  INFO scan_sources: tailwindcss_oxide::scanner: Discovering "C:\\Users\\ABA\\L9ani\\src\\app\\globals.css"
2025-12-22T21:38:33.550981Z  INFO scan_sources: tailwindcss_oxide::scanner: Discovering "C:\\Users\\ABA\\L9ani\\src\\app\\layout.js"
2025-12-22T21:38:33.551108Z  INFO scan_sources: tailwindcss_oxide::scanner: Discovering "C:\\Users\\ABA\\L9ani\\src\\app\\page.js"
2025-12-22T21:38:33.551305Z  INFO scan_sources: tailwindcss_oxide::scanner: Discovering "C:\\Users\\ABA\\L9ani\\src\\app\\reset-password"
2025-12-22T21:38:33.551585Z  INFO scan_sources: tailwindcss_oxide::scanner: Discovering "C:\\Users\\ABA\\L9ani\\src\\app\\reset-password\\page.js"
2025-12-22T21:38:33.551809Z  INFO scan_sources: tailwindcss_oxide::scanner: Discovering "C:\\Users\\ABA\\L9ani\\src\\app\\[locale]"
2025-12-22T21:38:33.552198Z  INFO scan_sources: tailwindcss_oxide::scanner: Discovering "C:\\Users\\ABA\\L9ani\\src\\app\\[locale]\\about"
2025-12-22T21:38:33.552449Z  INFO scan_sources: tailwindcss_oxide::scanner: Discovering "C:\\Users\\ABA\\L9ani\\src\\app\\[locale]\\about\\page.js"
2025-12-22T21:38:33.552667Z  INFO scan_sources: tailwindcss_oxide::scanner: Discovering "C:\\Users\\ABA\\L9ani\\src\\app\\[locale]\\admin"
2025-12-22T21:38:33.552911Z  INFO scan_sources: tailwindcss_oxide::scanner: Discovering "C:\\Users\\ABA\\L9ani\\src\\app\\[locale]\\admin\\page.js"
2025-12-22T21:38:33.553140Z  INFO scan_sources: tailwindcss_oxide::scanner: Discovering "C:\\Users\\ABA\\L9ani\\src\\app\\[locale]\\contact"
2025-12-22T21:38:33.553367Z  INFO scan_sources: tailwindcss_oxide::scanner: Discovering "C:\\Users\\ABA\\L9ani\\src\\app\\[locale]\\contact\\page.js"
2025-12-22T21:38:33.553509Z  INFO scan_sources: tailwindcss_oxide::scanner: Discovering "C:\\Users\\ABA\\L9ani\\src\\app\\[locale]\\layout.js"
2025-12-22T21:38:33.553700Z  INFO scan_sources: tailwindcss_oxide::scanner: Discovering "C:\\Users\\ABA\\L9ani\\src\\app\\[locale]\\my-report"
2025-12-22T21:38:33.553930Z  INFO scan_sources: tailwindcss_oxide::scanner: Discovering "C:\\Users\\ABA\\L9ani\\src\\app\\[locale]\\my-report\\page.js"
2025-12-22T21:38:33.554107Z  INFO scan_sources: tailwindcss_oxide::scanner: Discovering "C:\\Users\\ABA\\L9ani\\src\\app\\[locale]\\not-found.js"
2025-12-22T21:38:33.554228Z  INFO scan_sources: tailwindcss_oxide::scanner: Discovering "C:\\Users\\ABA\\L9ani\\src\\app\\[locale]\\page.js"
2025-12-22T21:38:33.554421Z  INFO scan_sources: tailwindcss_oxide::scanner: Discovering "C:\\Users\\ABA\\L9ani\\src\\app\\[locale]\\privacy"
2025-12-22T21:38:33.554653Z  INFO scan_sources: tailwindcss_oxide::scanner: Discovering "C:\\Users\\ABA\\L9ani\\src\\app\\[locale]\\privacy\\page.js"
2025-12-22T21:38:33.554865Z  INFO scan_sources: tailwindcss_oxide::scanner: Discovering "C:\\Users\\ABA\\L9ani\\src\\app\\[locale]\\profile"
2025-12-22T21:38:33.555112Z  INFO scan_sources: tailwindcss_oxide::scanner: Discovering "C:\\Users\\ABA\\L9ani\\src\\app\\[locale]\\profile\\page.js"
2025-12-22T21:38:33.555332Z  INFO scan_sources: tailwindcss_oxide::scanner: Discovering "C:\\Users\\ABA\\L9ani\\src\\app\\[locale]\\report-missing"
2025-12-22T21:38:33.555585Z  INFO scan_sources: tailwindcss_oxide::scanner: Discovering "C:\\Users\\ABA\\L9ani\\src\\app\\[locale]\\report-missing\\page.js"
2025-12-22T21:38:33.555829Z  INFO scan_sources: tailwindcss_oxide::scanner: Discovering "C:\\Users\\ABA\\L9ani\\src\\app\\[locale]\\report-sighting"
2025-12-22T21:38:33.556071Z  INFO scan_sources: tailwindcss_oxide::scanner: Discovering "C:\\Users\\ABA\\L9ani\\src\\app\\[locale]\\report-sighting\\page.js"
2025-12-22T21:38:33.556290Z  INFO scan_sources: tailwindcss_oxide::scanner: Discovering "C:\\Users\\ABA\\L9ani\\src\\app\\[locale]\\reset-password"
2025-12-22T21:38:33.556548Z  INFO scan_sources: tailwindcss_oxide::scanner: Discovering "C:\\Users\\ABA\\L9ani\\src\\app\\[locale]\\reset-password\\page.js"
2025-12-22T21:38:33.556760Z  INFO scan_sources: tailwindcss_oxide::scanner: Discovering "C:\\Users\\ABA\\L9ani\\src\\app\\[locale]\\settings"
2025-12-22T21:38:33.557001Z  INFO scan_sources: tailwindcss_oxide::scanner: Discovering "C:\\Users\\ABA\\L9ani\\src\\app\\[locale]\\settings\\page.js"
2025-12-22T21:38:33.557283Z  INFO scan_sources: tailwindcss_oxide::scanner: Discovering "C:\\Users\\ABA\\L9ani\\src\\components"
2025-12-22T21:38:33.557609Z  INFO scan_sources: tailwindcss_oxide::scanner: Discovering "C:\\Users\\ABA\\L9ani\\src\\components\\chat"
2025-12-22T21:38:33.557846Z  INFO scan_sources: tailwindcss_oxide::scanner: Discovering "C:\\Users\\ABA\\L9ani\\src\\components\\chat\\ChatInput.js"
2025-12-22T21:38:33.557960Z  INFO scan_sources: tailwindcss_oxide::scanner: Discovering "C:\\Users\\ABA\\L9ani\\src\\components\\chat\\ChatMessage.js"
2025-12-22T21:38:33.558070Z  INFO scan_sources: tailwindcss_oxide::scanner: Discovering "C:\\Users\\ABA\\L9ani\\src\\components\\chat\\ChatQuickReplies.js"
2025-12-22T21:38:33.558184Z  INFO scan_sources: tailwindcss_oxide::scanner: Discovering "C:\\Users\\ABA\\L9ani\\src\\components\\chat\\ChatWidget.js"
2025-12-22T21:38:33.558293Z  INFO scan_sources: tailwindcss_oxide::scanner: Discovering "C:\\Users\\ABA\\L9ani\\src\\components\\chat\\index.js"
2025-12-22T21:38:33.558443Z  INFO scan_sources: tailwindcss_oxide::scanner: Discovering "C:\\Users\\ABA\\L9ani\\src\\components\\Footer.js"
2025-12-22T21:38:33.558547Z  INFO scan_sources: tailwindcss_oxide::scanner: Discovering "C:\\Users\\ABA\\L9ani\\src\\components\\Header.js"
2025-12-22T21:38:33.558657Z  INFO scan_sources: tailwindcss_oxide::scanner: Discovering "C:\\Users\\ABA\\L9ani\\src\\components\\LanguageSwitcher.js"
2025-12-22T21:38:33.558766Z  INFO scan_sources: tailwindcss_oxide::scanner: Discovering "C:\\Users\\ABA\\L9ani\\src\\components\\LoginDialog.js"
2025-12-22T21:38:33.558877Z  INFO scan_sources: tailwindcss_oxide::scanner: Discovering "C:\\Users\\ABA\\L9ani\\src\\components\\MapPicker.js"
2025-12-22T21:38:33.559009Z  INFO scan_sources: tailwindcss_oxide::scanner: Discovering "C:\\Users\\ABA\\L9ani\\src\\components\\ScrollToTop.js"
2025-12-22T21:38:33.559114Z  INFO scan_sources: tailwindcss_oxide::scanner: Discovering "C:\\Users\\ABA\\L9ani\\src\\components\\SelectDropdown.js"
2025-12-22T21:38:33.559215Z  INFO scan_sources: tailwindcss_oxide::scanner: Discovering "C:\\Users\\ABA\\L9ani\\src\\components\\TermsDialog.js"
2025-12-22T21:38:33.559318Z  INFO scan_sources: tailwindcss_oxide::scanner: Discovering "C:\\Users\\ABA\\L9ani\\src\\components\\TermsDialogWrapper.js"
2025-12-22T21:38:33.559429Z  INFO scan_sources: tailwindcss_oxide::scanner: Discovering "C:\\Users\\ABA\\L9ani\\src\\components\\theme-provider.js"
2025-12-22T21:38:33.559646Z  INFO scan_sources: tailwindcss_oxide::scanner: Discovering "C:\\Users\\ABA\\L9ani\\src\\context"
2025-12-22T21:38:33.559890Z  INFO scan_sources: tailwindcss_oxide::scanner: Discovering "C:\\Users\\ABA\\L9ani\\src\\context\\AuthContext.js"
2025-12-22T21:38:33.559999Z  INFO scan_sources: tailwindcss_oxide::scanner: Discovering "C:\\Users\\ABA\\L9ani\\src\\context\\LanguageContext.js"
2025-12-22T21:38:33.560109Z  INFO scan_sources: tailwindcss_oxide::scanner: Discovering "C:\\Users\\ABA\\L9ani\\src\\context\\SettingsContext.js"
2025-12-22T21:38:33.560330Z  INFO scan_sources: tailwindcss_oxide::scanner: Discovering "C:\\Users\\ABA\\L9ani\\src\\data"
2025-12-22T21:38:33.560571Z  INFO scan_sources: tailwindcss_oxide::scanner: Discovering "C:\\Users\\ABA\\L9ani\\src\\data\\moroccanCities.js"
2025-12-22T21:38:33.560786Z  INFO scan_sources: tailwindcss_oxide::scanner: Discovering "C:\\Users\\ABA\\L9ani\\src\\i18n"
2025-12-22T21:38:33.561017Z  INFO scan_sources: tailwindcss_oxide::scanner: Discovering "C:\\Users\\ABA\\L9ani\\src\\i18n\\navigation.js"
2025-12-22T21:38:33.561123Z  INFO scan_sources: tailwindcss_oxide::scanner: Discovering "C:\\Users\\ABA\\L9ani\\src\\i18n\\request.js"
2025-12-22T21:38:33.561261Z  INFO scan_sources: tailwindcss_oxide::scanner: Discovering "C:\\Users\\ABA\\L9ani\\src\\i18n.js"
2025-12-22T21:38:33.561438Z  INFO scan_sources: tailwindcss_oxide::scanner: Discovering "C:\\Users\\ABA\\L9ani\\src\\lib"
2025-12-22T21:38:33.561675Z  INFO scan_sources: tailwindcss_oxide::scanner: Discovering "C:\\Users\\ABA\\L9ani\\src\\lib\\emailTemplates.js"
2025-12-22T21:38:33.561781Z  INFO scan_sources: tailwindcss_oxide::scanner: Discovering "C:\\Users\\ABA\\L9ani\\src\\lib\\notifications.js"
2025-12-22T21:38:33.561890Z  INFO scan_sources: tailwindcss_oxide::scanner: Discovering "C:\\Users\\ABA\\L9ani\\src\\lib\\supabase.js"
2025-12-22T21:38:33.562029Z  INFO scan_sources: tailwindcss_oxide::scanner: Discovering "C:\\Users\\ABA\\L9ani\\src\\proxy.js"
2025-12-22T21:38:33.562311Z  INFO scan_sources: tailwindcss_oxide::scanner: exit
2025-12-22T21:38:33.562336Z  INFO extract_candidates: tailwindcss_oxide::scanner: enter
2025-12-22T21:38:33.562352Z  INFO extract_candidates:read_all_files: tailwindcss_oxide::scanner: enter
2025-12-22T21:38:33.562363Z  INFO extract_candidates:read_all_files: tailwindcss_oxide::scanner: Reading 145 file(s)
2025-12-22T21:38:33.563934Z  INFO tailwindcss_oxide::scanner: Reading "C:\\Users\\ABA\\L9ani\\database\\migrations\\001_create_admin_roles.sql"
2025-12-22T21:38:33.563975Z  INFO tailwindcss_oxide::scanner: Reading "C:\\Users\\ABA\\L9ani\\src\\app\\api\\auth\\confirm\\route.js"
2025-12-22T21:38:33.564092Z  INFO tailwindcss_oxide::scanner: Reading "C:\\Users\\ABA\\L9ani\\src\\app\\api\\auth\\confirm-email-change\\route.js"
2025-12-22T21:38:33.564130Z  INFO tailwindcss_oxide::scanner: Reading "C:\\Users\\ABA\\L9ani\\database\\migrations\\002_modular_report_schema.sql"
2025-12-22T21:38:33.564137Z  INFO tailwindcss_oxide::scanner: Reading "C:\\Users\\ABA\\L9ani\\docs\\email-templates\\confirm-signup.html"
2025-12-22T21:38:33.564140Z  INFO tailwindcss_oxide::scanner: Reading "C:\\Users\\ABA\\L9ani\\public\\locales\\ar\\contact.json"
2025-12-22T21:38:33.564202Z  INFO tailwindcss_oxide::scanner: Reading "C:\\Users\\ABA\\L9ani\\src\\app\\api\\auth\\confirm-password-reset\\route.js"
2025-12-22T21:38:33.564271Z  INFO tailwindcss_oxide::scanner: Reading "C:\\Users\\ABA\\L9ani\\docs\\email-templates\\reset-password.html"
2025-12-22T21:38:33.564321Z  INFO tailwindcss_oxide::scanner: Reading "C:\\Users\\ABA\\L9ani\\src\\app\\api\\auth\\confirm-signup\\route.js"
2025-12-22T21:38:33.564314Z  INFO tailwindcss_oxide::scanner: Reading "C:\\Users\\ABA\\L9ani\\postcss.config.mjs"
2025-12-22T21:38:33.564353Z  INFO tailwindcss_oxide::scanner: Reading "C:\\Users\\ABA\\L9ani\\public\\locales\\ar\\footer.json"
2025-12-22T21:38:33.564449Z  INFO tailwindcss_oxide::scanner: Reading "C:\\Users\\ABA\\L9ani\\jsconfig.json"
2025-12-22T21:38:33.564376Z  INFO tailwindcss_oxide::scanner: Reading "C:\\Users\\ABA\\L9ani\\database\\migrations\\003_remove_legacy_tables.sql"
2025-12-22T21:38:33.564427Z  INFO tailwindcss_oxide::scanner: Reading "C:\\Users\\ABA\\L9ani\\src\\app\\api\\auth\\login\\route.js"
2025-12-22T21:38:33.564427Z  INFO tailwindcss_oxide::scanner: Reading "C:\\Users\\ABA\\L9ani\\public\\file.svg"
2025-12-22T21:38:33.564368Z  INFO tailwindcss_oxide::scanner: Reading "C:\\Users\\ABA\\L9ani\\ENV_SETUP_GUIDE.md"
2025-12-22T21:38:33.564544Z  INFO tailwindcss_oxide::scanner: Reading "C:\\Users\\ABA\\L9ani\\LICENCE.txt"
2025-12-22T21:38:33.564579Z  INFO tailwindcss_oxide::scanner: Reading "C:\\Users\\ABA\\L9ani\\database\\migrations\\004_create_storage_bucket.sql"
2025-12-22T21:38:33.564589Z  INFO tailwindcss_oxide::scanner: Reading "C:\\Users\\ABA\\L9ani\\src\\app\\api\\auth\\request-email-change\\route.js"
2025-12-22T21:38:33.564605Z  INFO tailwindcss_oxide::scanner: Reading "C:\\Users\\ABA\\L9ani\\public\\globe.svg"
2025-12-22T21:38:33.564627Z  INFO tailwindcss_oxide::scanner: Reading "C:\\Users\\ABA\\L9ani\\next-i18next.config.js"
2025-12-22T21:38:33.564629Z  INFO tailwindcss_oxide::scanner: Reading "C:\\Users\\ABA\\L9ani\\eslint.config.mjs"
2025-12-22T21:38:33.564632Z  INFO tailwindcss_oxide::scanner: Reading "C:\\Users\\ABA\\L9ani\\public\\locales\\ar\\header.json"
2025-12-22T21:38:33.564684Z  INFO tailwindcss_oxide::scanner: Reading "C:\\Users\\ABA\\L9ani\\src\\app\\api\\auth\\request-password-reset\\route.js"
2025-12-22T21:38:33.564683Z  INFO tailwindcss_oxide::scanner: Reading "C:\\Users\\ABA\\L9ani\\database\\migrations\\005_fix_view_security.sql"
2025-12-22T21:38:33.564713Z  INFO tailwindcss_oxide::scanner: Reading "C:\\Users\\ABA\\L9ani\\next.config.mjs"
2025-12-22T21:38:33.564725Z  INFO tailwindcss_oxide::scanner: Reading "C:\\Users\\ABA\\L9ani\\public\\icons\\logo.svg"
2025-12-22T21:38:33.564748Z  INFO tailwindcss_oxide::scanner: Reading "C:\\Users\\ABA\\L9ani\\package.json"
2025-12-22T21:38:33.564778Z  INFO tailwindcss_oxide::scanner: Reading "C:\\Users\\ABA\\L9ani\\src\\app\\api\\auth\\resend-verification\\route.js"
2025-12-22T21:38:33.564795Z  INFO tailwindcss_oxide::scanner: Reading "C:\\Users\\ABA\\L9ani\\database\\migrations\\006_fix_function_search_path.sql"
2025-12-22T21:38:33.564817Z  INFO tailwindcss_oxide::scanner: Reading "C:\\Users\\ABA\\L9ani\\public\\locales\\ar\\about.json"
2025-12-22T21:38:33.564827Z  INFO tailwindcss_oxide::scanner: Reading "C:\\Users\\ABA\\L9ani\\public\\locales\\ar\\home.json"
2025-12-22T21:38:33.564838Z  INFO tailwindcss_oxide::scanner: Reading "C:\\Users\\ABA\\L9ani\\public\\locales\\en\\header.json"
2025-12-22T21:38:33.564856Z  INFO tailwindcss_oxide::scanner: Reading "C:\\Users\\ABA\\L9ani\\public\\locales\\ar\\reportSighting.json"
2025-12-22T21:38:33.564898Z  INFO tailwindcss_oxide::scanner: Reading "C:\\Users\\ABA\\L9ani\\database\\migrations\\007_create_profile_pictures_bucket.sql"
2025-12-22T21:38:33.564869Z  INFO tailwindcss_oxide::scanner: Reading "C:\\Users\\ABA\\L9ani\\src\\app\\api\\auth\\reset-password\\route.js"
2025-12-22T21:38:33.564922Z  INFO tailwindcss_oxide::scanner: Reading "C:\\Users\\ABA\\L9ani\\public\\locales\\ar\\admin.json"
2025-12-22T21:38:33.564944Z  INFO tailwindcss_oxide::scanner: Reading "C:\\Users\\ABA\\L9ani\\public\\locales\\en\\home.json"
2025-12-22T21:38:33.564998Z  INFO tailwindcss_oxide::scanner: Reading "C:\\Users\\ABA\\L9ani\\public\\locales\\ar\\myreport.json"
2025-12-22T21:38:33.565005Z  INFO tailwindcss_oxide::scanner: Reading "C:\\Users\\ABA\\L9ani\\database\\migrations\\010_sighting_reports_schema.sql"
2025-12-22T21:38:33.565012Z  INFO tailwindcss_oxide::scanner: Reading "C:\\Users\\ABA\\L9ani\\public\\locales\\ar\\settings.json"
2025-12-22T21:38:33.564869Z  INFO tailwindcss_oxide::scanner: Reading "C:\\Users\\ABA\\L9ani\\public\\locales\\ar\\auth.json"
2025-12-22T21:38:33.565012Z  INFO tailwindcss_oxide::scanner: Reading "C:\\Users\\ABA\\L9ani\\src\\app\\api\\auth\\set-password\\route.js"
2025-12-22T21:38:33.565055Z  INFO tailwindcss_oxide::scanner: Reading "C:\\Users\\ABA\\L9ani\\public\\locales\\en\\myreport.json"
2025-12-22T21:38:33.565108Z  INFO tailwindcss_oxide::scanner: Reading "C:\\Users\\ABA\\L9ani\\public\\locales\\en\\about.json"
2025-12-22T21:38:33.565120Z  INFO tailwindcss_oxide::scanner: Reading "C:\\Users\\ABA\\L9ani\\database\\migrations\\011_notifications_schema.sql"
2025-12-22T21:38:33.565167Z  INFO tailwindcss_oxide::scanner: Reading "C:\\Users\\ABA\\L9ani\\src\\app\\api\\auth\\signup\\route.js"
2025-12-22T21:38:33.565167Z  INFO tailwindcss_oxide::scanner: Reading "C:\\Users\\ABA\\L9ani\\public\\locales\\ar\\chat.json"
2025-12-22T21:38:33.565184Z  INFO tailwindcss_oxide::scanner: Reading "C:\\Users\\ABA\\L9ani\\public\\locales\\ar\\notifications.json"
2025-12-22T21:38:33.565201Z  INFO tailwindcss_oxide::scanner: Reading "C:\\Users\\ABA\\L9ani\\public\\locales\\en\\admin.json"
2025-12-22T21:38:33.565217Z  INFO tailwindcss_oxide::scanner: Reading "C:\\Users\\ABA\\L9ani\\public\\locales\\en\\notifications.json"
2025-12-22T21:38:33.565351Z  INFO tailwindcss_oxide::scanner: Reading "C:\\Users\\ABA\\L9ani\\public\\locales\\en\\auth.json"
2025-12-22T21:38:33.565508Z  INFO tailwindcss_oxide::scanner: Reading "C:\\Users\\ABA\\L9ani\\public\\locales\\en\\chat.json"
2025-12-22T21:38:33.565509Z  INFO tailwindcss_oxide::scanner: Reading "C:\\Users\\ABA\\L9ani\\src\\app\\[locale]\\contact\\page.js"
2025-12-22T21:38:33.565526Z  INFO tailwindcss_oxide::scanner: Reading "C:\\Users\\ABA\\L9ani\\src\\app\\api\\auth\\verify\\route.js"
2025-12-22T21:38:33.565535Z  INFO tailwindcss_oxide::scanner: Reading "C:\\Users\\ABA\\L9ani\\public\\locales\\en\\privacy.json"
2025-12-22T21:38:33.565536Z  INFO tailwindcss_oxide::scanner: Reading "C:\\Users\\ABA\\L9ani\\public\\locales\\ar\\common.json"
2025-12-22T21:38:33.565613Z  INFO tailwindcss_oxide::scanner: Reading "C:\\Users\\ABA\\L9ani\\public\\locales\\en\\common.json"
2025-12-22T21:38:33.565614Z  INFO tailwindcss_oxide::scanner: Reading "C:\\Users\\ABA\\L9ani\\src\\app\\api\\auth\\verify-password\\route.js"
2025-12-22T21:38:33.565621Z  INFO tailwindcss_oxide::scanner: Reading "C:\\Users\\ABA\\L9ani\\src\\app\\[locale]\\layout.js"
2025-12-22T21:38:33.565647Z  INFO tailwindcss_oxide::scanner: Reading "C:\\Users\\ABA\\L9ani\\public\\locales\\en\\profile.json"
2025-12-22T21:38:33.565664Z  INFO tailwindcss_oxide::scanner: Reading "C:\\Users\\ABA\\L9ani\\public\\locales\\ar\\profile.json"
2025-12-22T21:38:33.565710Z  INFO tailwindcss_oxide::scanner: Reading "C:\\Users\\ABA\\L9ani\\public\\locales\\en\\contact.json"
2025-12-22T21:38:33.565725Z  INFO tailwindcss_oxide::scanner: Reading "C:\\Users\\ABA\\L9ani\\src\\app\\api\\chat\\feedback\\route.js"
2025-12-22T21:38:33.565734Z  INFO tailwindcss_oxide::scanner: Reading "C:\\Users\\ABA\\L9ani\\database\\migrations\\012_custom_email_change.sql"
2025-12-22T21:38:33.565772Z  INFO tailwindcss_oxide::scanner: Reading "C:\\Users\\ABA\\L9ani\\public\\locales\\en\\reportMissing.json"
2025-12-22T21:38:33.565800Z  INFO tailwindcss_oxide::scanner: Reading "C:\\Users\\ABA\\L9ani\\public\\locales\\en\\footer.json"
2025-12-22T21:38:33.565807Z  INFO tailwindcss_oxide::scanner: Reading "C:\\Users\\ABA\\L9ani\\public\\locales\\ar\\reportMissing.json"
2025-12-22T21:38:33.565814Z  INFO tailwindcss_oxide::scanner: Reading "C:\\Users\\ABA\\L9ani\\src\\app\\api\\chat\\quick-replies\\route.js"
2025-12-22T21:38:33.565846Z  INFO tailwindcss_oxide::scanner: Reading "C:\\Users\\ABA\\L9ani\\database\\migrations\\013_cleanup_legacy_email_change.sql"
2025-12-22T21:38:33.565854Z  INFO tailwindcss_oxide::scanner: Reading "C:\\Users\\ABA\\L9ani\\src\\app\\[locale]\\my-report\\page.js"
2025-12-22T21:38:33.565889Z  INFO tailwindcss_oxide::scanner: Reading "C:\\Users\\ABA\\L9ani\\database\\migrations\\016_password_reset_token.sql"
2025-12-22T21:38:33.565899Z  INFO tailwindcss_oxide::scanner: Reading "C:\\Users\\ABA\\L9ani\\public\\locales\\en\\reportSighting.json"
2025-12-22T21:38:33.565942Z  INFO tailwindcss_oxide::scanner: Reading "C:\\Users\\ABA\\L9ani\\database\\migrations\\014_unlink_oauth_function.sql"
2025-12-22T21:38:33.565042Z  INFO tailwindcss_oxide::scanner: Reading "C:\\Users\\ABA\\L9ani\\public\\locales\\ar\\privacy.json"
2025-12-22T21:38:33.565989Z  INFO tailwindcss_oxide::scanner: Reading "C:\\Users\\ABA\\L9ani\\docs\\CHATBOT.md"
2025-12-22T21:38:33.566005Z  INFO tailwindcss_oxide::scanner: Reading "C:\\Users\\ABA\\L9ani\\public\\next.svg"
2025-12-22T21:38:33.566027Z  INFO tailwindcss_oxide::scanner: Reading "C:\\Users\\ABA\\L9ani\\database\\migrations\\015_email_verification_token.sql"
2025-12-22T21:38:33.566035Z  INFO tailwindcss_oxide::scanner: Reading "C:\\Users\\ABA\\L9ani\\public\\locales\\en\\settings.json"
2025-12-22T21:38:33.566091Z  INFO tailwindcss_oxide::scanner: Reading "C:\\Users\\ABA\\L9ani\\src\\app\\api\\admin\\check\\route.js"
2025-12-22T21:38:33.566100Z  INFO tailwindcss_oxide::scanner: Reading "C:\\Users\\ABA\\L9ani\\public\\vercel.svg"
2025-12-22T21:38:33.566103Z  INFO tailwindcss_oxide::scanner: Reading "C:\\Users\\ABA\\L9ani\\docs\\email-templates\\change-email-ar.html"
2025-12-22T21:38:33.566106Z  INFO tailwindcss_oxide::scanner: Reading "C:\\Users\\ABA\\L9ani\\src\\app\\[locale]\\not-found.js"
2025-12-22T21:38:33.566126Z  INFO tailwindcss_oxide::scanner: Reading "C:\\Users\\ABA\\L9ani\\src\\app\\api\\admin\\sighting-reports\\route.js"
2025-12-22T21:38:33.566199Z  INFO tailwindcss_oxide::scanner: Reading "C:\\Users\\ABA\\L9ani\\docs\\email-templates\\change-email.html"
2025-12-22T21:38:33.566218Z  INFO tailwindcss_oxide::scanner: Reading "C:\\Users\\ABA\\L9ani\\src\\app\\api\\admin\\reports\\route.js"
2025-12-22T21:38:33.566218Z  INFO tailwindcss_oxide::scanner: Reading "C:\\Users\\ABA\\L9ani\\public\\window.svg"
2025-12-22T21:38:33.566228Z  INFO tailwindcss_oxide::scanner: Reading "C:\\Users\\ABA\\L9ani\\src\\components\\LanguageSwitcher.js"
2025-12-22T21:38:33.566320Z  INFO tailwindcss_oxide::scanner: Reading "C:\\Users\\ABA\\L9ani\\docs\\email-templates\\confirm-signup-ar.html"
2025-12-22T21:38:33.566326Z  INFO tailwindcss_oxide::scanner: Reading "C:\\Users\\ABA\\L9ani\\README.md"
2025-12-22T21:38:33.566382Z  INFO tailwindcss_oxide::scanner: Reading "C:\\Users\\ABA\\L9ani\\src\\context\\LanguageContext.js"
2025-12-22T21:38:33.566440Z  INFO tailwindcss_oxide::scanner: Reading "C:\\Users\\ABA\\L9ani\\src\\i18n.js"
2025-12-22T21:38:33.566477Z  INFO tailwindcss_oxide::scanner: Reading "C:\\Users\\ABA\\L9ani\\src\\context\\SettingsContext.js"
2025-12-22T21:38:33.566497Z  INFO tailwindcss_oxide::scanner: Reading "C:\\Users\\ABA\\L9ani\\src\\app\\api\\auth\\callback\\route.js"
2025-12-22T21:38:33.566563Z  INFO tailwindcss_oxide::scanner: Reading "C:\\Users\\ABA\\L9ani\\src\\lib\\emailTemplates.js"
2025-12-22T21:38:33.566576Z  INFO tailwindcss_oxide::scanner: Reading "C:\\Users\\ABA\\L9ani\\src\\data\\moroccanCities.js"
2025-12-22T21:38:33.566710Z  INFO tailwindcss_oxide::scanner: Reading "C:\\Users\\ABA\\L9ani\\src\\lib\\notifications.js"
2025-12-22T21:38:33.566741Z  INFO tailwindcss_oxide::scanner: Reading "C:\\Users\\ABA\\L9ani\\src\\i18n\\navigation.js"
2025-12-22T21:38:33.566784Z  INFO tailwindcss_oxide::scanner: Reading "C:\\Users\\ABA\\L9ani\\src\\app\\api\\auth\\change-password\\route.js"
2025-12-22T21:38:33.566801Z  INFO tailwindcss_oxide::scanner: Reading "C:\\Users\\ABA\\L9ani\\src\\lib\\supabase.js"
2025-12-22T21:38:33.566755Z  INFO tailwindcss_oxide::scanner: Reading "C:\\Users\\ABA\\L9ani\\src\\components\\LoginDialog.js"
2025-12-22T21:38:33.566870Z  INFO tailwindcss_oxide::scanner: Reading "C:\\Users\\ABA\\L9ani\\src\\app\\[locale]\\reset-password\\page.js"
2025-12-22T21:38:33.566934Z  INFO tailwindcss_oxide::scanner: Reading "C:\\Users\\ABA\\L9ani\\src\\components\\TermsDialogWrapper.js"
2025-12-22T21:38:33.566914Z  INFO tailwindcss_oxide::scanner: Reading "C:\\Users\\ABA\\L9ani\\src\\app\\[locale]\\page.js"
2025-12-22T21:38:33.567044Z  INFO tailwindcss_oxide::scanner: Reading "C:\\Users\\ABA\\L9ani\\src\\components\\theme-provider.js"
2025-12-22T21:38:33.567059Z  INFO tailwindcss_oxide::scanner: Reading "C:\\Users\\ABA\\L9ani\\src\\app\\[locale]\\settings\\page.js"
2025-12-22T21:38:33.567061Z  INFO tailwindcss_oxide::scanner: Reading "C:\\Users\\ABA\\L9ani\\src\\i18n\\request.js"
2025-12-22T21:38:33.567153Z  INFO tailwindcss_oxide::scanner: Reading "C:\\Users\\ABA\\L9ani\\src\\components\\chat\\ChatInput.js"
2025-12-22T21:38:33.566896Z  INFO tailwindcss_oxide::scanner: Reading "C:\\Users\\ABA\\L9ani\\src\\proxy.js"
2025-12-22T21:38:33.567163Z  INFO tailwindcss_oxide::scanner: Reading "C:\\Users\\ABA\\L9ani\\src\\components\\TermsDialog.js"
2025-12-22T21:38:33.567215Z  INFO tailwindcss_oxide::scanner: Reading "C:\\Users\\ABA\\L9ani\\src\\context\\AuthContext.js"
2025-12-22T21:38:33.567225Z  INFO tailwindcss_oxide::scanner: Reading "C:\\Users\\ABA\\L9ani\\src\\app\\[locale]\\privacy\\page.js"
2025-12-22T21:38:33.567254Z  INFO tailwindcss_oxide::scanner: Reading "C:\\Users\\ABA\\L9ani\\src\\components\\chat\\ChatMessage.js"
2025-12-22T21:38:33.567273Z  INFO tailwindcss_oxide::scanner: Reading "C:\\Users\\ABA\\L9ani\\src\\app\\api\\chat\\route.js"
2025-12-22T21:38:33.567330Z  INFO tailwindcss_oxide::scanner: Reading "C:\\Users\\ABA\\L9ani\\src\\components\\chat\\ChatQuickReplies.js"
2025-12-22T21:38:33.567336Z  INFO tailwindcss_oxide::scanner: Reading "C:\\Users\\ABA\\L9ani\\src\\components\\ScrollToTop.js"
2025-12-22T21:38:33.567377Z  INFO tailwindcss_oxide::scanner: Reading "C:\\Users\\ABA\\L9ani\\src\\app\\[locale]\\profile\\page.js"
2025-12-22T21:38:33.567439Z  INFO tailwindcss_oxide::scanner: Reading "C:\\Users\\ABA\\L9ani\\src\\components\\chat\\index.js"
2025-12-22T21:38:33.567449Z  INFO tailwindcss_oxide::scanner: Reading "C:\\Users\\ABA\\L9ani\\src\\components\\chat\\ChatWidget.js"
2025-12-22T21:38:33.567531Z  INFO tailwindcss_oxide::scanner: Reading "C:\\Users\\ABA\\L9ani\\src\\components\\Footer.js"
2025-12-22T21:38:33.567572Z  INFO tailwindcss_oxide::scanner: Reading "C:\\Users\\ABA\\L9ani\\src\\app\\api\\notifications\\read-all\\route.js"
2025-12-22T21:38:33.567578Z  INFO tailwindcss_oxide::scanner: Reading "C:\\Users\\ABA\\L9ani\\src\\app\\[locale]\\report-sighting\\page.js"
2025-12-22T21:38:33.567671Z  INFO tailwindcss_oxide::scanner: Reading "C:\\Users\\ABA\\L9ani\\src\\app\\api\\notifications\\route.js"
2025-12-22T21:38:33.567690Z  INFO tailwindcss_oxide::scanner: Reading "C:\\Users\\ABA\\L9ani\\src\\app\\api\\user\\settings\\route.js"
2025-12-22T21:38:33.567730Z  INFO tailwindcss_oxide::scanner: Reading "C:\\Users\\ABA\\L9ani\\src\\components\\Header.js"
2025-12-22T21:38:33.567767Z  INFO tailwindcss_oxide::scanner: Reading "C:\\Users\\ABA\\L9ani\\src\\app\\api\\notifications\\unread-count\\route.js"
2025-12-22T21:38:33.567769Z  INFO tailwindcss_oxide::scanner: Reading "C:\\Users\\ABA\\L9ani\\src\\app\\api\\reports\\missing\\route.js"
2025-12-22T21:38:33.567800Z  INFO tailwindcss_oxide::scanner: Reading "C:\\Users\\ABA\\L9ani\\src\\app\\api\\user\\update\\route.js"
2025-12-22T21:38:33.567833Z  INFO tailwindcss_oxide::scanner: Reading "C:\\Users\\ABA\\L9ani\\src\\app\\layout.js"
2025-12-22T21:38:33.567830Z  INFO tailwindcss_oxide::scanner: Reading "C:\\Users\\ABA\\L9ani\\src\\app\\[locale]\\report-missing\\page.js"
2025-12-22T21:38:33.567861Z  INFO tailwindcss_oxide::scanner: Reading "C:\\Users\\ABA\\L9ani\\src\\app\\api\\notifications\\[id]\\route.js"
2025-12-22T21:38:33.567887Z  INFO tailwindcss_oxide::scanner: Reading "C:\\Users\\ABA\\L9ani\\src\\app\\api\\user\\upload-profile-picture\\route.js"
2025-12-22T21:38:33.567912Z  INFO tailwindcss_oxide::scanner: Reading "C:\\Users\\ABA\\L9ani\\src\\app\\api\\reports\\route.js"
2025-12-22T21:38:33.567932Z  INFO tailwindcss_oxide::scanner: Reading "C:\\Users\\ABA\\L9ani\\src\\app\\page.js"
2025-12-22T21:38:33.567974Z  INFO tailwindcss_oxide::scanner: Reading "C:\\Users\\ABA\\L9ani\\src\\app\\api\\username-check\\route.js"
2025-12-22T21:38:33.567990Z  INFO tailwindcss_oxide::scanner: Reading "C:\\Users\\ABA\\L9ani\\src\\app\\reset-password\\page.js"
2025-12-22T21:38:33.568022Z  INFO tailwindcss_oxide::scanner: Reading "C:\\Users\\ABA\\L9ani\\src\\app\\api\\reports\\sighting\\route.js"
2025-12-22T21:38:33.568036Z  INFO tailwindcss_oxide::scanner: Reading "C:\\Users\\ABA\\L9ani\\src\\app\\api\\user\\accept-terms\\route.js"
2025-12-22T21:38:33.567874Z  INFO tailwindcss_oxide::scanner: Reading "C:\\Users\\ABA\\L9ani\\src\\components\\MapPicker.js"
2025-12-22T21:38:33.568065Z  INFO tailwindcss_oxide::scanner: Reading "C:\\Users\\ABA\\L9ani\\src\\components\\SelectDropdown.js"
2025-12-22T21:38:33.568114Z  INFO tailwindcss_oxide::scanner: Reading "C:\\Users\\ABA\\L9ani\\src\\app\\api\\user\\profile\\route.js"
2025-12-22T21:38:33.568132Z  INFO tailwindcss_oxide::scanner: Reading "C:\\Users\\ABA\\L9ani\\src\\app\\[locale]\\admin\\page.js"
2025-12-22T21:38:33.568164Z  INFO tailwindcss_oxide::scanner: Reading "C:\\Users\\ABA\\L9ani\\src\\app\\[locale]\\about\\page.js"
2025-12-22T21:38:33.568220Z  INFO tailwindcss_oxide::scanner: Reading "C:\\Users\\ABA\\L9ani\\src\\app\\api\\delete-account\\route.js"
2025-12-22T21:38:33.568346Z  INFO tailwindcss_oxide::scanner: Reading "C:\\Users\\ABA\\L9ani\\src\\app\\api\\email-check\\route.js"
2025-12-22T21:38:33.568421Z  INFO extract_candidates:read_all_files: tailwindcss_oxide::scanner: exit
2025-12-22T21:38:33.568443Z  INFO extract_candidates:parse_all_blobs: tailwindcss_oxide::scanner: enter
2025-12-22T21:38:33.568455Z  INFO extract_candidates:parse_all_blobs:extract: tailwindcss_oxide::scanner: enter
2025-12-22T21:38:33.578315Z  INFO extract_candidates:parse_all_blobs:extract: tailwindcss_oxide::scanner: exit
2025-12-22T21:38:33.578649Z  INFO extract_candidates:parse_all_blobs: tailwindcss_oxide::scanner: exit
2025-12-22T21:38:33.578662Z  INFO extract_candidates:read_all_files: tailwindcss_oxide::scanner: enter
2025-12-22T21:38:33.578666Z  INFO extract_candidates:read_all_files: tailwindcss_oxide::scanner: Reading 1 file(s)
2025-12-22T21:38:33.578804Z  INFO extract_candidates:read_all_files: tailwindcss_oxide::scanner: Reading "C:\\Users\\ABA\\L9ani\\src\\app\\globals.css"
2025-12-22T21:38:33.578822Z  INFO extract_candidates:read_all_files: tailwindcss_oxide::scanner: exit
2025-12-22T21:38:33.578833Z  INFO extract_candidates:extract_css_variables: tailwindcss_oxide::scanner: enter
2025-12-22T21:38:33.578838Z  INFO extract_candidates:extract_css_variables:extract: tailwindcss_oxide::scanner: enter
2025-12-22T21:38:33.578944Z  INFO extract_candidates:extract_css_variables:extract: tailwindcss_oxide::scanner: exit
2025-12-22T21:38:33.578964Z  INFO extract_candidates:extract_css_variables: tailwindcss_oxide::scanner: exit
2025-12-22T21:38:33.580095Z  INFO extract_candidates: tailwindcss_oxide::scanner: exit
2025-12-22T21:38:33.582772Z  INFO get_files: tailwindcss_oxide::scanner: enter
2025-12-22T21:38:33.582820Z  INFO get_files:scan_sources: tailwindcss_oxide::scanner: enter
2025-12-22T21:38:33.584559Z  INFO get_files:scan_sources: tailwindcss_oxide::scanner: Discovering "C:\\Users\\ABA\\L9ani\\database"
2025-12-22T21:38:33.584758Z  INFO get_files:scan_sources: tailwindcss_oxide::scanner: Discovering "C:\\Users\\ABA\\L9ani\\database\\migrations"
2025-12-22T21:38:33.585468Z  INFO get_files:scan_sources: tailwindcss_oxide::scanner: Discovering "C:\\Users\\ABA\\L9ani\\docs"
2025-12-22T21:38:33.585701Z  INFO get_files:scan_sources: tailwindcss_oxide::scanner: Discovering "C:\\Users\\ABA\\L9ani\\docs\\email-templates"
2025-12-22T21:38:33.586528Z  INFO get_files:scan_sources: tailwindcss_oxide::scanner: Discovering "C:\\Users\\ABA\\L9ani\\public"
2025-12-22T21:38:33.586709Z  INFO get_files:scan_sources: tailwindcss_oxide::scanner: Discovering "C:\\Users\\ABA\\L9ani\\public\\avatars"
2025-12-22T21:38:33.586961Z  INFO get_files:scan_sources: tailwindcss_oxide::scanner: Discovering "C:\\Users\\ABA\\L9ani\\public\\fonts"
2025-12-22T21:38:33.587231Z  INFO get_files:scan_sources: tailwindcss_oxide::scanner: Discovering "C:\\Users\\ABA\\L9ani\\public\\icons"
2025-12-22T21:38:33.587481Z  INFO get_files:scan_sources: tailwindcss_oxide::scanner: Discovering "C:\\Users\\ABA\\L9ani\\public\\locales"
2025-12-22T21:38:33.587680Z  INFO get_files:scan_sources: tailwindcss_oxide::scanner: Discovering "C:\\Users\\ABA\\L9ani\\public\\locales\\ar"
2025-12-22T21:38:33.588388Z  INFO get_files:scan_sources: tailwindcss_oxide::scanner: Discovering "C:\\Users\\ABA\\L9ani\\public\\locales\\en"
2025-12-22T21:38:33.589235Z  INFO get_files:scan_sources: tailwindcss_oxide::scanner: Discovering "C:\\Users\\ABA\\L9ani\\src"
2025-12-22T21:38:33.589405Z  INFO get_files:scan_sources: tailwindcss_oxide::scanner: Discovering "C:\\Users\\ABA\\L9ani\\src\\app"
2025-12-22T21:38:33.589570Z  INFO get_files:scan_sources: tailwindcss_oxide::scanner: Discovering "C:\\Users\\ABA\\L9ani\\src\\app\\api"
2025-12-22T21:38:33.589754Z  INFO get_files:scan_sources: tailwindcss_oxide::scanner: Discovering "C:\\Users\\ABA\\L9ani\\src\\app\\api\\admin"
2025-12-22T21:38:33.589924Z  INFO get_files:scan_sources: tailwindcss_oxide::scanner: Discovering "C:\\Users\\ABA\\L9ani\\src\\app\\api\\admin\\check"
2025-12-22T21:38:33.590170Z  INFO get_files:scan_sources: tailwindcss_oxide::scanner: Discovering "C:\\Users\\ABA\\L9ani\\src\\app\\api\\admin\\reports"
2025-12-22T21:38:33.590380Z  INFO get_files:scan_sources: tailwindcss_oxide::scanner: Discovering "C:\\Users\\ABA\\L9ani\\src\\app\\api\\admin\\sighting-reports"
2025-12-22T21:38:33.590617Z  INFO get_files:scan_sources: tailwindcss_oxide::scanner: Discovering "C:\\Users\\ABA\\L9ani\\src\\app\\api\\auth"
2025-12-22T21:38:33.590788Z  INFO get_files:scan_sources: tailwindcss_oxide::scanner: Discovering "C:\\Users\\ABA\\L9ani\\src\\app\\api\\auth\\callback"
2025-12-22T21:38:33.591014Z  INFO get_files:scan_sources: tailwindcss_oxide::scanner: Discovering "C:\\Users\\ABA\\L9ani\\src\\app\\api\\auth\\change-password"
2025-12-22T21:38:33.591242Z  INFO get_files:scan_sources: tailwindcss_oxide::scanner: Discovering "C:\\Users\\ABA\\L9ani\\src\\app\\api\\auth\\confirm"
2025-12-22T21:38:33.591451Z  INFO get_files:scan_sources: tailwindcss_oxide::scanner: Discovering "C:\\Users\\ABA\\L9ani\\src\\app\\api\\auth\\confirm-email-change"
2025-12-22T21:38:33.591671Z  INFO get_files:scan_sources: tailwindcss_oxide::scanner: Discovering "C:\\Users\\ABA\\L9ani\\src\\app\\api\\auth\\confirm-password-reset"
2025-12-22T21:38:33.591883Z  INFO get_files:scan_sources: tailwindcss_oxide::scanner: Discovering "C:\\Users\\ABA\\L9ani\\src\\app\\api\\auth\\confirm-signup"
2025-12-22T21:38:33.592143Z  INFO get_files:scan_sources: tailwindcss_oxide::scanner: Discovering "C:\\Users\\ABA\\L9ani\\src\\app\\api\\auth\\forgot-password"
2025-12-22T21:38:33.592324Z  INFO get_files:scan_sources: tailwindcss_oxide::scanner: Discovering "C:\\Users\\ABA\\L9ani\\src\\app\\api\\auth\\login"
2025-12-22T21:38:33.592539Z  INFO get_files:scan_sources: tailwindcss_oxide::scanner: Discovering "C:\\Users\\ABA\\L9ani\\src\\app\\api\\auth\\request-email-change"
2025-12-22T21:38:33.592754Z  INFO get_files:scan_sources: tailwindcss_oxide::scanner: Discovering "C:\\Users\\ABA\\L9ani\\src\\app\\api\\auth\\request-password-reset"
2025-12-22T21:38:33.592966Z  INFO get_files:scan_sources: tailwindcss_oxide::scanner: Discovering "C:\\Users\\ABA\\L9ani\\src\\app\\api\\auth\\resend-code"
2025-12-22T21:38:33.593185Z  INFO get_files:scan_sources: tailwindcss_oxide::scanner: Discovering "C:\\Users\\ABA\\L9ani\\src\\app\\api\\auth\\resend-verification"
2025-12-22T21:38:33.593394Z  INFO get_files:scan_sources: tailwindcss_oxide::scanner: Discovering "C:\\Users\\ABA\\L9ani\\src\\app\\api\\auth\\reset-password"
2025-12-22T21:38:33.593608Z  INFO get_files:scan_sources: tailwindcss_oxide::scanner: Discovering "C:\\Users\\ABA\\L9ani\\src\\app\\api\\auth\\set-password"
2025-12-22T21:38:33.593827Z  INFO get_files:scan_sources: tailwindcss_oxide::scanner: Discovering "C:\\Users\\ABA\\L9ani\\src\\app\\api\\auth\\signup"
2025-12-22T21:38:33.594126Z  INFO get_files:scan_sources: tailwindcss_oxide::scanner: Discovering "C:\\Users\\ABA\\L9ani\\src\\app\\api\\auth\\verify"
2025-12-22T21:38:33.594338Z  INFO get_files:scan_sources: tailwindcss_oxide::scanner: Discovering "C:\\Users\\ABA\\L9ani\\src\\app\\api\\auth\\verify-password"
2025-12-22T21:38:33.594566Z  INFO get_files:scan_sources: tailwindcss_oxide::scanner: Discovering "C:\\Users\\ABA\\L9ani\\src\\app\\api\\chat"
2025-12-22T21:38:33.594731Z  INFO get_files:scan_sources: tailwindcss_oxide::scanner: Discovering "C:\\Users\\ABA\\L9ani\\src\\app\\api\\chat\\feedback"
2025-12-22T21:38:33.594940Z  INFO get_files:scan_sources: tailwindcss_oxide::scanner: Discovering "C:\\Users\\ABA\\L9ani\\src\\app\\api\\chat\\quick-replies"
2025-12-22T21:38:33.595239Z  INFO get_files:scan_sources: tailwindcss_oxide::scanner: Discovering "C:\\Users\\ABA\\L9ani\\src\\app\\api\\delete-account"
2025-12-22T21:38:33.595445Z  INFO get_files:scan_sources: tailwindcss_oxide::scanner: Discovering "C:\\Users\\ABA\\L9ani\\src\\app\\api\\email-check"
2025-12-22T21:38:33.595654Z  INFO get_files:scan_sources: tailwindcss_oxide::scanner: Discovering "C:\\Users\\ABA\\L9ani\\src\\app\\api\\notifications"
2025-12-22T21:38:33.595833Z  INFO get_files:scan_sources: tailwindcss_oxide::scanner: Discovering "C:\\Users\\ABA\\L9ani\\src\\app\\api\\notifications\\read-all"
2025-12-22T21:38:33.596118Z  INFO get_files:scan_sources: tailwindcss_oxide::scanner: Discovering "C:\\Users\\ABA\\L9ani\\src\\app\\api\\notifications\\unread-count"
2025-12-22T21:38:33.596331Z  INFO get_files:scan_sources: tailwindcss_oxide::scanner: Discovering "C:\\Users\\ABA\\L9ani\\src\\app\\api\\notifications\\[id]"
2025-12-22T21:38:33.596562Z  INFO get_files:scan_sources: tailwindcss_oxide::scanner: Discovering "C:\\Users\\ABA\\L9ani\\src\\app\\api\\reports"
2025-12-22T21:38:33.596723Z  INFO get_files:scan_sources: tailwindcss_oxide::scanner: Discovering "C:\\Users\\ABA\\L9ani\\src\\app\\api\\reports\\missing"
2025-12-22T21:38:33.596968Z  INFO get_files:scan_sources: tailwindcss_oxide::scanner: Discovering "C:\\Users\\ABA\\L9ani\\src\\app\\api\\reports\\sighting"
2025-12-22T21:38:33.597231Z  INFO get_files:scan_sources: tailwindcss_oxide::scanner: Discovering "C:\\Users\\ABA\\L9ani\\src\\app\\api\\user"
2025-12-22T21:38:33.597395Z  INFO get_files:scan_sources: tailwindcss_oxide::scanner: Discovering "C:\\Users\\ABA\\L9ani\\src\\app\\api\\user\\accept-terms"
2025-12-22T21:38:33.597605Z  INFO get_files:scan_sources: tailwindcss_oxide::scanner: Discovering "C:\\Users\\ABA\\L9ani\\src\\app\\api\\user\\profile"
2025-12-22T21:38:33.597827Z  INFO get_files:scan_sources: tailwindcss_oxide::scanner: Discovering "C:\\Users\\ABA\\L9ani\\src\\app\\api\\user\\settings"
2025-12-22T21:38:33.598080Z  INFO get_files:scan_sources: tailwindcss_oxide::scanner: Discovering "C:\\Users\\ABA\\L9ani\\src\\app\\api\\user\\update"
2025-12-22T21:38:33.598631Z  INFO get_files:scan_sources: tailwindcss_oxide::scanner: Discovering "C:\\Users\\ABA\\L9ani\\src\\app\\api\\user\\upload-profile-picture"
2025-12-22T21:38:33.599272Z  INFO get_files:scan_sources: tailwindcss_oxide::scanner: Discovering "C:\\Users\\ABA\\L9ani\\src\\app\\api\\username-check"
2025-12-22T21:38:33.600059Z  INFO get_files:scan_sources: tailwindcss_oxide::scanner: Discovering "C:\\Users\\ABA\\L9ani\\src\\app\\reset-password"
2025-12-22T21:38:33.600599Z  INFO get_files:scan_sources: tailwindcss_oxide::scanner: Discovering "C:\\Users\\ABA\\L9ani\\src\\app\\[locale]"
2025-12-22T21:38:33.600896Z  INFO get_files:scan_sources: tailwindcss_oxide::scanner: Discovering "C:\\Users\\ABA\\L9ani\\src\\app\\[locale]\\about"
2025-12-22T21:38:33.601243Z  INFO get_files:scan_sources: tailwindcss_oxide::scanner: Discovering "C:\\Users\\ABA\\L9ani\\src\\app\\[locale]\\admin"
2025-12-22T21:38:33.601490Z  INFO get_files:scan_sources: tailwindcss_oxide::scanner: Discovering "C:\\Users\\ABA\\L9ani\\src\\app\\[locale]\\contact"
2025-12-22T21:38:33.601738Z  INFO get_files:scan_sources: tailwindcss_oxide::scanner: Discovering "C:\\Users\\ABA\\L9ani\\src\\app\\[locale]\\my-report"
2025-12-22T21:38:33.602007Z  INFO get_files:scan_sources: tailwindcss_oxide::scanner: Discovering "C:\\Users\\ABA\\L9ani\\src\\app\\[locale]\\privacy"
2025-12-22T21:38:33.602221Z  INFO get_files:scan_sources: tailwindcss_oxide::scanner: Discovering "C:\\Users\\ABA\\L9ani\\src\\app\\[locale]\\profile"
2025-12-22T21:38:33.602446Z  INFO get_files:scan_sources: tailwindcss_oxide::scanner: Discovering "C:\\Users\\ABA\\L9ani\\src\\app\\[locale]\\report-missing"
2025-12-22T21:38:33.602665Z  INFO get_files:scan_sources: tailwindcss_oxide::scanner: Discovering "C:\\Users\\ABA\\L9ani\\src\\app\\[locale]\\report-sighting"
2025-12-22T21:38:33.602873Z  INFO get_files:scan_sources: tailwindcss_oxide::scanner: Discovering "C:\\Users\\ABA\\L9ani\\src\\app\\[locale]\\reset-password"
2025-12-22T21:38:33.603088Z  INFO get_files:scan_sources: tailwindcss_oxide::scanner: Discovering "C:\\Users\\ABA\\L9ani\\src\\app\\[locale]\\settings"
2025-12-22T21:38:33.603338Z  INFO get_files:scan_sources: tailwindcss_oxide::scanner: Discovering "C:\\Users\\ABA\\L9ani\\src\\components"
2025-12-22T21:38:33.603507Z  INFO get_files:scan_sources: tailwindcss_oxide::scanner: Discovering "C:\\Users\\ABA\\L9ani\\src\\components\\chat"
2025-12-22T21:38:33.604160Z  INFO get_files:scan_sources: tailwindcss_oxide::scanner: Discovering "C:\\Users\\ABA\\L9ani\\src\\context"
2025-12-22T21:38:33.604441Z  INFO get_files:scan_sources: tailwindcss_oxide::scanner: Discovering "C:\\Users\\ABA\\L9ani\\src\\data"
2025-12-22T21:38:33.604656Z  INFO get_files:scan_sources: tailwindcss_oxide::scanner: Discovering "C:\\Users\\ABA\\L9ani\\src\\i18n"
2025-12-22T21:38:33.604924Z  INFO get_files:scan_sources: tailwindcss_oxide::scanner: Discovering "C:\\Users\\ABA\\L9ani\\src\\lib"
2025-12-22T21:38:33.605249Z  INFO get_files:scan_sources: tailwindcss_oxide::scanner: exit
2025-12-22T21:38:33.605440Z  INFO get_files: tailwindcss_oxide::scanner: exit
2025-12-22T21:38:33.607605Z  INFO get_globs: tailwindcss_oxide::scanner: enter
2025-12-22T21:38:33.607634Z  INFO get_globs:scan_sources: tailwindcss_oxide::scanner: enter
2025-12-22T21:38:33.609226Z  INFO get_globs:scan_sources: tailwindcss_oxide::scanner: Discovering "C:\\Users\\ABA\\L9ani\\database"
2025-12-22T21:38:33.609429Z  INFO get_globs:scan_sources: tailwindcss_oxide::scanner: Discovering "C:\\Users\\ABA\\L9ani\\database\\migrations"
2025-12-22T21:38:33.610136Z  INFO get_globs:scan_sources: tailwindcss_oxide::scanner: Discovering "C:\\Users\\ABA\\L9ani\\docs"
2025-12-22T21:38:33.610480Z  INFO get_globs:scan_sources: tailwindcss_oxide::scanner: Discovering "C:\\Users\\ABA\\L9ani\\docs\\email-templates"
2025-12-22T21:38:33.611280Z  INFO get_globs:scan_sources: tailwindcss_oxide::scanner: Discovering "C:\\Users\\ABA\\L9ani\\public"
2025-12-22T21:38:33.611448Z  INFO get_globs:scan_sources: tailwindcss_oxide::scanner: Discovering "C:\\Users\\ABA\\L9ani\\public\\avatars"
2025-12-22T21:38:33.611690Z  INFO get_globs:scan_sources: tailwindcss_oxide::scanner: Discovering "C:\\Users\\ABA\\L9ani\\public\\fonts"
2025-12-22T21:38:33.611945Z  INFO get_globs:scan_sources: tailwindcss_oxide::scanner: Discovering "C:\\Users\\ABA\\L9ani\\public\\icons"
2025-12-22T21:38:33.612182Z  INFO get_globs:scan_sources: tailwindcss_oxide::scanner: Discovering "C:\\Users\\ABA\\L9ani\\public\\locales"
2025-12-22T21:38:33.612343Z  INFO get_globs:scan_sources: tailwindcss_oxide::scanner: Discovering "C:\\Users\\ABA\\L9ani\\public\\locales\\ar"
2025-12-22T21:38:33.613009Z  INFO get_globs:scan_sources: tailwindcss_oxide::scanner: Discovering "C:\\Users\\ABA\\L9ani\\public\\locales\\en"
2025-12-22T21:38:33.613865Z  INFO get_globs:scan_sources: tailwindcss_oxide::scanner: Discovering "C:\\Users\\ABA\\L9ani\\src"
2025-12-22T21:38:33.614038Z  INFO get_globs:scan_sources: tailwindcss_oxide::scanner: Discovering "C:\\Users\\ABA\\L9ani\\src\\app"
2025-12-22T21:38:33.614212Z  INFO get_globs:scan_sources: tailwindcss_oxide::scanner: Discovering "C:\\Users\\ABA\\L9ani\\src\\app\\api"
2025-12-22T21:38:33.614425Z  INFO get_globs:scan_sources: tailwindcss_oxide::scanner: Discovering "C:\\Users\\ABA\\L9ani\\src\\app\\api\\admin"
2025-12-22T21:38:33.614605Z  INFO get_globs:scan_sources: tailwindcss_oxide::scanner: Discovering "C:\\Users\\ABA\\L9ani\\src\\app\\api\\admin\\check"
2025-12-22T21:38:33.614819Z  INFO get_globs:scan_sources: tailwindcss_oxide::scanner: Discovering "C:\\Users\\ABA\\L9ani\\src\\app\\api\\admin\\reports"
2025-12-22T21:38:33.615027Z  INFO get_globs:scan_sources: tailwindcss_oxide::scanner: Discovering "C:\\Users\\ABA\\L9ani\\src\\app\\api\\admin\\sighting-reports"
2025-12-22T21:38:33.615366Z  INFO get_globs:scan_sources: tailwindcss_oxide::scanner: Discovering "C:\\Users\\ABA\\L9ani\\src\\app\\api\\auth"
2025-12-22T21:38:33.615747Z  INFO get_globs:scan_sources: tailwindcss_oxide::scanner: Discovering "C:\\Users\\ABA\\L9ani\\src\\app\\api\\auth\\callback"
2025-12-22T21:38:33.616146Z  INFO get_globs:scan_sources: tailwindcss_oxide::scanner: Discovering "C:\\Users\\ABA\\L9ani\\src\\app\\api\\auth\\change-password"
2025-12-22T21:38:33.616454Z  INFO get_globs:scan_sources: tailwindcss_oxide::scanner: Discovering "C:\\Users\\ABA\\L9ani\\src\\app\\api\\auth\\confirm"
2025-12-22T21:38:33.616772Z  INFO get_globs:scan_sources: tailwindcss_oxide::scanner: Discovering "C:\\Users\\ABA\\L9ani\\src\\app\\api\\auth\\confirm-email-change"
2025-12-22T21:38:33.617108Z  INFO get_globs:scan_sources: tailwindcss_oxide::scanner: Discovering "C:\\Users\\ABA\\L9ani\\src\\app\\api\\auth\\confirm-password-reset"
2025-12-22T21:38:33.617399Z  INFO get_globs:scan_sources: tailwindcss_oxide::scanner: Discovering "C:\\Users\\ABA\\L9ani\\src\\app\\api\\auth\\confirm-signup"
2025-12-22T21:38:33.617617Z  INFO get_globs:scan_sources: tailwindcss_oxide::scanner: Discovering "C:\\Users\\ABA\\L9ani\\src\\app\\api\\auth\\forgot-password"
2025-12-22T21:38:33.617799Z  INFO get_globs:scan_sources: tailwindcss_oxide::scanner: Discovering "C:\\Users\\ABA\\L9ani\\src\\app\\api\\auth\\login"
2025-12-22T21:38:33.618013Z  INFO get_globs:scan_sources: tailwindcss_oxide::scanner: Discovering "C:\\Users\\ABA\\L9ani\\src\\app\\api\\auth\\request-email-change"
2025-12-22T21:38:33.618232Z  INFO get_globs:scan_sources: tailwindcss_oxide::scanner: Discovering "C:\\Users\\ABA\\L9ani\\src\\app\\api\\auth\\request-password-reset"
2025-12-22T21:38:33.618444Z  INFO get_globs:scan_sources: tailwindcss_oxide::scanner: Discovering "C:\\Users\\ABA\\L9ani\\src\\app\\api\\auth\\resend-code"
2025-12-22T21:38:33.618621Z  INFO get_globs:scan_sources: tailwindcss_oxide::scanner: Discovering "C:\\Users\\ABA\\L9ani\\src\\app\\api\\auth\\resend-verification"
2025-12-22T21:38:33.618835Z  INFO get_globs:scan_sources: tailwindcss_oxide::scanner: Discovering "C:\\Users\\ABA\\L9ani\\src\\app\\api\\auth\\reset-password"
2025-12-22T21:38:33.619054Z  INFO get_globs:scan_sources: tailwindcss_oxide::scanner: Discovering "C:\\Users\\ABA\\L9ani\\src\\app\\api\\auth\\set-password"
2025-12-22T21:38:33.619270Z  INFO get_globs:scan_sources: tailwindcss_oxide::scanner: Discovering "C:\\Users\\ABA\\L9ani\\src\\app\\api\\auth\\signup"
2025-12-22T21:38:33.619482Z  INFO get_globs:scan_sources: tailwindcss_oxide::scanner: Discovering "C:\\Users\\ABA\\L9ani\\src\\app\\api\\auth\\verify"
2025-12-22T21:38:33.619691Z  INFO get_globs:scan_sources: tailwindcss_oxide::scanner: Discovering "C:\\Users\\ABA\\L9ani\\src\\app\\api\\auth\\verify-password"
2025-12-22T21:38:33.619925Z  INFO get_globs:scan_sources: tailwindcss_oxide::scanner: Discovering "C:\\Users\\ABA\\L9ani\\src\\app\\api\\chat"
2025-12-22T21:38:33.620086Z  INFO get_globs:scan_sources: tailwindcss_oxide::scanner: Discovering "C:\\Users\\ABA\\L9ani\\src\\app\\api\\chat\\feedback"
2025-12-22T21:38:33.620299Z  INFO get_globs:scan_sources: tailwindcss_oxide::scanner: Discovering "C:\\Users\\ABA\\L9ani\\src\\app\\api\\chat\\quick-replies"
2025-12-22T21:38:33.620553Z  INFO get_globs:scan_sources: tailwindcss_oxide::scanner: Discovering "C:\\Users\\ABA\\L9ani\\src\\app\\api\\delete-account"
2025-12-22T21:38:33.620768Z  INFO get_globs:scan_sources: tailwindcss_oxide::scanner: Discovering "C:\\Users\\ABA\\L9ani\\src\\app\\api\\email-check"
2025-12-22T21:38:33.620989Z  INFO get_globs:scan_sources: tailwindcss_oxide::scanner: Discovering "C:\\Users\\ABA\\L9ani\\src\\app\\api\\notifications"
2025-12-22T21:38:33.621163Z  INFO get_globs:scan_sources: tailwindcss_oxide::scanner: Discovering "C:\\Users\\ABA\\L9ani\\src\\app\\api\\notifications\\read-all"
2025-12-22T21:38:33.621426Z  INFO get_globs:scan_sources: tailwindcss_oxide::scanner: Discovering "C:\\Users\\ABA\\L9ani\\src\\app\\api\\notifications\\unread-count"
2025-12-22T21:38:33.621637Z  INFO get_globs:scan_sources: tailwindcss_oxide::scanner: Discovering "C:\\Users\\ABA\\L9ani\\src\\app\\api\\notifications\\[id]"
2025-12-22T21:38:33.621865Z  INFO get_globs:scan_sources: tailwindcss_oxide::scanner: Discovering "C:\\Users\\ABA\\L9ani\\src\\app\\api\\reports"
2025-12-22T21:38:33.622024Z  INFO get_globs:scan_sources: tailwindcss_oxide::scanner: Discovering "C:\\Users\\ABA\\L9ani\\src\\app\\api\\reports\\missing"
2025-12-22T21:38:33.622259Z  INFO get_globs:scan_sources: tailwindcss_oxide::scanner: Discovering "C:\\Users\\ABA\\L9ani\\src\\app\\api\\reports\\sighting"
2025-12-22T21:38:33.622486Z  INFO get_globs:scan_sources: tailwindcss_oxide::scanner: Discovering "C:\\Users\\ABA\\L9ani\\src\\app\\api\\user"
2025-12-22T21:38:33.622651Z  INFO get_globs:scan_sources: tailwindcss_oxide::scanner: Discovering "C:\\Users\\ABA\\L9ani\\src\\app\\api\\user\\accept-terms"
2025-12-22T21:38:33.622859Z  INFO get_globs:scan_sources: tailwindcss_oxide::scanner: Discovering "C:\\Users\\ABA\\L9ani\\src\\app\\api\\user\\profile"
2025-12-22T21:38:33.623072Z  INFO get_globs:scan_sources: tailwindcss_oxide::scanner: Discovering "C:\\Users\\ABA\\L9ani\\src\\app\\api\\user\\settings"
2025-12-22T21:38:33.623279Z  INFO get_globs:scan_sources: tailwindcss_oxide::scanner: Discovering "C:\\Users\\ABA\\L9ani\\src\\app\\api\\user\\update"
2025-12-22T21:38:33.623490Z  INFO get_globs:scan_sources: tailwindcss_oxide::scanner: Discovering "C:\\Users\\ABA\\L9ani\\src\\app\\api\\user\\upload-profile-picture"
2025-12-22T21:38:33.623716Z  INFO get_globs:scan_sources: tailwindcss_oxide::scanner: Discovering "C:\\Users\\ABA\\L9ani\\src\\app\\api\\username-check"
2025-12-22T21:38:33.624046Z  INFO get_globs:scan_sources: tailwindcss_oxide::scanner: Discovering "C:\\Users\\ABA\\L9ani\\src\\app\\reset-password"
2025-12-22T21:38:33.624265Z  INFO get_globs:scan_sources: tailwindcss_oxide::scanner: Discovering "C:\\Users\\ABA\\L9ani\\src\\app\\[locale]"
2025-12-22T21:38:33.624432Z  INFO get_globs:scan_sources: tailwindcss_oxide::scanner: Discovering "C:\\Users\\ABA\\L9ani\\src\\app\\[locale]\\about"
2025-12-22T21:38:33.624640Z  INFO get_globs:scan_sources: tailwindcss_oxide::scanner: Discovering "C:\\Users\\ABA\\L9ani\\src\\app\\[locale]\\admin"
2025-12-22T21:38:33.624848Z  INFO get_globs:scan_sources: tailwindcss_oxide::scanner: Discovering "C:\\Users\\ABA\\L9ani\\src\\app\\[locale]\\contact"
2025-12-22T21:38:33.625104Z  INFO get_globs:scan_sources: tailwindcss_oxide::scanner: Discovering "C:\\Users\\ABA\\L9ani\\src\\app\\[locale]\\my-report"
2025-12-22T21:38:33.625376Z  INFO get_globs:scan_sources: tailwindcss_oxide::scanner: Discovering "C:\\Users\\ABA\\L9ani\\src\\app\\[locale]\\privacy"
2025-12-22T21:38:33.625584Z  INFO get_globs:scan_sources: tailwindcss_oxide::scanner: Discovering "C:\\Users\\ABA\\L9ani\\src\\app\\[locale]\\profile"
2025-12-22T21:38:33.625793Z  INFO get_globs:scan_sources: tailwindcss_oxide::scanner: Discovering "C:\\Users\\ABA\\L9ani\\src\\app\\[locale]\\report-missing"
2025-12-22T21:38:33.626002Z  INFO get_globs:scan_sources: tailwindcss_oxide::scanner: Discovering "C:\\Users\\ABA\\L9ani\\src\\app\\[locale]\\report-sighting"
2025-12-22T21:38:33.626209Z  INFO get_globs:scan_sources: tailwindcss_oxide::scanner: Discovering "C:\\Users\\ABA\\L9ani\\src\\app\\[locale]\\reset-password"
2025-12-22T21:38:33.626417Z  INFO get_globs:scan_sources: tailwindcss_oxide::scanner: Discovering "C:\\Users\\ABA\\L9ani\\src\\app\\[locale]\\settings"
2025-12-22T21:38:33.626655Z  INFO get_globs:scan_sources: tailwindcss_oxide::scanner: Discovering "C:\\Users\\ABA\\L9ani\\src\\components"
2025-12-22T21:38:33.626823Z  INFO get_globs:scan_sources: tailwindcss_oxide::scanner: Discovering "C:\\Users\\ABA\\L9ani\\src\\components\\chat"
2025-12-22T21:38:33.627483Z  INFO get_globs:scan_sources: tailwindcss_oxide::scanner: Discovering "C:\\Users\\ABA\\L9ani\\src\\context"
2025-12-22T21:38:33.627752Z  INFO get_globs:scan_sources: tailwindcss_oxide::scanner: Discovering "C:\\Users\\ABA\\L9ani\\src\\data"
2025-12-22T21:38:33.627999Z  INFO get_globs:scan_sources: tailwindcss_oxide::scanner: Discovering "C:\\Users\\ABA\\L9ani\\src\\i18n"
2025-12-22T21:38:33.628265Z  INFO get_globs:scan_sources: tailwindcss_oxide::scanner: Discovering "C:\\Users\\ABA\\L9ani\\src\\lib"
2025-12-22T21:38:33.628711Z  INFO get_globs:scan_sources: tailwindcss_oxide::scanner: exit
2025-12-22T21:38:33.641491Z  INFO get_globs: tailwindcss_oxide::scanner: exit
2025-12-22T21:38:52.408581Z  INFO scan_sources: tailwindcss_oxide::scanner: enter
2025-12-22T21:38:52.416139Z  INFO scan_sources: tailwindcss_oxide::scanner: Discovering "C:\\Users\\ABA\\L9ani\\database"
2025-12-22T21:38:52.416672Z  INFO scan_sources: tailwindcss_oxide::scanner: Discovering "C:\\Users\\ABA\\L9ani\\database\\migrations"
2025-12-22T21:38:52.418487Z  INFO scan_sources: tailwindcss_oxide::scanner: Discovering "C:\\Users\\ABA\\L9ani\\docs"
2025-12-22T21:38:52.419071Z  INFO scan_sources: tailwindcss_oxide::scanner: Discovering "C:\\Users\\ABA\\L9ani\\docs\\email-templates"
2025-12-22T21:38:52.421314Z  INFO scan_sources: tailwindcss_oxide::scanner: Discovering "C:\\Users\\ABA\\L9ani\\public"
2025-12-22T21:38:52.421845Z  INFO scan_sources: tailwindcss_oxide::scanner: Discovering "C:\\Users\\ABA\\L9ani\\public\\avatars"
2025-12-22T21:38:52.422590Z  INFO scan_sources: tailwindcss_oxide::scanner: Discovering "C:\\Users\\ABA\\L9ani\\public\\fonts"
2025-12-22T21:38:52.423402Z  INFO scan_sources: tailwindcss_oxide::scanner: Discovering "C:\\Users\\ABA\\L9ani\\public\\icons"
2025-12-22T21:38:52.424159Z  INFO scan_sources: tailwindcss_oxide::scanner: Discovering "C:\\Users\\ABA\\L9ani\\public\\locales"
2025-12-22T21:38:52.424664Z  INFO scan_sources: tailwindcss_oxide::scanner: Discovering "C:\\Users\\ABA\\L9ani\\public\\locales\\ar"
2025-12-22T21:38:52.426619Z  INFO scan_sources: tailwindcss_oxide::scanner: Discovering "C:\\Users\\ABA\\L9ani\\public\\locales\\en"
2025-12-22T21:38:52.428982Z  INFO scan_sources: tailwindcss_oxide::scanner: Discovering "C:\\Users\\ABA\\L9ani\\src"
2025-12-22T21:38:52.430051Z  INFO scan_sources: tailwindcss_oxide::scanner: Discovering "C:\\Users\\ABA\\L9ani\\src\\app"
2025-12-22T21:38:52.431174Z  INFO scan_sources: tailwindcss_oxide::scanner: Discovering "C:\\Users\\ABA\\L9ani\\src\\app\\api"
2025-12-22T21:38:52.431776Z  INFO scan_sources: tailwindcss_oxide::scanner: Discovering "C:\\Users\\ABA\\L9ani\\src\\app\\api\\admin"
2025-12-22T21:38:52.432328Z  INFO scan_sources: tailwindcss_oxide::scanner: Discovering "C:\\Users\\ABA\\L9ani\\src\\app\\api\\admin\\check"
2025-12-22T21:38:52.433153Z  INFO scan_sources: tailwindcss_oxide::scanner: Discovering "C:\\Users\\ABA\\L9ani\\src\\app\\api\\admin\\reports"
2025-12-22T21:38:52.434043Z  INFO scan_sources: tailwindcss_oxide::scanner: Discovering "C:\\Users\\ABA\\L9ani\\src\\app\\api\\admin\\sighting-reports"
2025-12-22T21:38:52.435122Z  INFO scan_sources: tailwindcss_oxide::scanner: Discovering "C:\\Users\\ABA\\L9ani\\src\\app\\api\\auth"
2025-12-22T21:38:52.435710Z  INFO scan_sources: tailwindcss_oxide::scanner: Discovering "C:\\Users\\ABA\\L9ani\\src\\app\\api\\auth\\callback"
2025-12-22T21:38:52.436384Z  INFO scan_sources: tailwindcss_oxide::scanner: Discovering "C:\\Users\\ABA\\L9ani\\src\\app\\api\\auth\\change-password"
2025-12-22T21:38:52.439426Z  INFO scan_sources: tailwindcss_oxide::scanner: Discovering "C:\\Users\\ABA\\L9ani\\src\\app\\api\\auth\\confirm"
2025-12-22T21:38:52.441971Z  INFO scan_sources: tailwindcss_oxide::scanner: Discovering "C:\\Users\\ABA\\L9ani\\src\\app\\api\\auth\\confirm-email-change"
2025-12-22T21:38:52.442686Z  INFO scan_sources: tailwindcss_oxide::scanner: Discovering "C:\\Users\\ABA\\L9ani\\src\\app\\api\\auth\\confirm-password-reset"
2025-12-22T21:38:52.443304Z  INFO scan_sources: tailwindcss_oxide::scanner: Discovering "C:\\Users\\ABA\\L9ani\\src\\app\\api\\auth\\confirm-signup"
2025-12-22T21:38:52.443895Z  INFO scan_sources: tailwindcss_oxide::scanner: Discovering "C:\\Users\\ABA\\L9ani\\src\\app\\api\\auth\\forgot-password"
2025-12-22T21:38:52.444428Z  INFO scan_sources: tailwindcss_oxide::scanner: Discovering "C:\\Users\\ABA\\L9ani\\src\\app\\api\\auth\\login"
2025-12-22T21:38:52.445018Z  INFO scan_sources: tailwindcss_oxide::scanner: Discovering "C:\\Users\\ABA\\L9ani\\src\\app\\api\\auth\\request-email-change"
2025-12-22T21:38:52.445695Z  INFO scan_sources: tailwindcss_oxide::scanner: Discovering "C:\\Users\\ABA\\L9ani\\src\\app\\api\\auth\\request-password-reset"
2025-12-22T21:38:52.446454Z  INFO scan_sources: tailwindcss_oxide::scanner: Discovering "C:\\Users\\ABA\\L9ani\\src\\app\\api\\auth\\resend-code"
2025-12-22T21:38:52.446984Z  INFO scan_sources: tailwindcss_oxide::scanner: Discovering "C:\\Users\\ABA\\L9ani\\src\\app\\api\\auth\\resend-verification"
2025-12-22T21:38:52.447617Z  INFO scan_sources: tailwindcss_oxide::scanner: Discovering "C:\\Users\\ABA\\L9ani\\src\\app\\api\\auth\\reset-password"
2025-12-22T21:38:52.448283Z  INFO scan_sources: tailwindcss_oxide::scanner: Discovering "C:\\Users\\ABA\\L9ani\\src\\app\\api\\auth\\set-password"
2025-12-22T21:38:52.449003Z  INFO scan_sources: tailwindcss_oxide::scanner: Discovering "C:\\Users\\ABA\\L9ani\\src\\app\\api\\auth\\signup"
2025-12-22T21:38:52.449720Z  INFO scan_sources: tailwindcss_oxide::scanner: Discovering "C:\\Users\\ABA\\L9ani\\src\\app\\api\\auth\\verify"
2025-12-22T21:38:52.450445Z  INFO scan_sources: tailwindcss_oxide::scanner: Discovering "C:\\Users\\ABA\\L9ani\\src\\app\\api\\auth\\verify-password"
2025-12-22T21:38:52.451198Z  INFO scan_sources: tailwindcss_oxide::scanner: Discovering "C:\\Users\\ABA\\L9ani\\src\\app\\api\\chat"
2025-12-22T21:38:52.451739Z  INFO scan_sources: tailwindcss_oxide::scanner: Discovering "C:\\Users\\ABA\\L9ani\\src\\app\\api\\chat\\feedback"
2025-12-22T21:38:52.454030Z  INFO scan_sources: tailwindcss_oxide::scanner: Discovering "C:\\Users\\ABA\\L9ani\\src\\app\\api\\chat\\quick-replies"
2025-12-22T21:38:52.455051Z  INFO scan_sources: tailwindcss_oxide::scanner: Discovering "C:\\Users\\ABA\\L9ani\\src\\app\\api\\delete-account"
2025-12-22T21:38:52.455740Z  INFO scan_sources: tailwindcss_oxide::scanner: Discovering "C:\\Users\\ABA\\L9ani\\src\\app\\api\\email-check"
2025-12-22T21:38:52.456545Z  INFO scan_sources: tailwindcss_oxide::scanner: Discovering "C:\\Users\\ABA\\L9ani\\src\\app\\api\\notifications"
2025-12-22T21:38:52.457060Z  INFO scan_sources: tailwindcss_oxide::scanner: Discovering "C:\\Users\\ABA\\L9ani\\src\\app\\api\\notifications\\read-all"
2025-12-22T21:38:52.457827Z  INFO scan_sources: tailwindcss_oxide::scanner: Discovering "C:\\Users\\ABA\\L9ani\\src\\app\\api\\notifications\\unread-count"
2025-12-22T21:38:52.458518Z  INFO scan_sources: tailwindcss_oxide::scanner: Discovering "C:\\Users\\ABA\\L9ani\\src\\app\\api\\notifications\\[id]"
2025-12-22T21:38:52.459174Z  INFO scan_sources: tailwindcss_oxide::scanner: Discovering "C:\\Users\\ABA\\L9ani\\src\\app\\api\\reports"
2025-12-22T21:38:52.459624Z  INFO scan_sources: tailwindcss_oxide::scanner: Discovering "C:\\Users\\ABA\\L9ani\\src\\app\\api\\reports\\missing"
2025-12-22T21:38:52.460310Z  INFO scan_sources: tailwindcss_oxide::scanner: Discovering "C:\\Users\\ABA\\L9ani\\src\\app\\api\\reports\\sighting"
2025-12-22T21:38:52.460945Z  INFO scan_sources: tailwindcss_oxide::scanner: Discovering "C:\\Users\\ABA\\L9ani\\src\\app\\api\\user"
2025-12-22T21:38:52.462191Z  INFO scan_sources: tailwindcss_oxide::scanner: Discovering "C:\\Users\\ABA\\L9ani\\src\\app\\api\\user\\accept-terms"
2025-12-22T21:38:52.463201Z  INFO scan_sources: tailwindcss_oxide::scanner: Discovering "C:\\Users\\ABA\\L9ani\\src\\app\\api\\user\\profile"
2025-12-22T21:38:52.463980Z  INFO scan_sources: tailwindcss_oxide::scanner: Discovering "C:\\Users\\ABA\\L9ani\\src\\app\\api\\user\\settings"
2025-12-22T21:38:52.464986Z  INFO scan_sources: tailwindcss_oxide::scanner: Discovering "C:\\Users\\ABA\\L9ani\\src\\app\\api\\user\\update"
2025-12-22T21:38:52.466827Z  INFO scan_sources: tailwindcss_oxide::scanner: Discovering "C:\\Users\\ABA\\L9ani\\src\\app\\api\\user\\upload-profile-picture"
2025-12-22T21:38:52.467685Z  INFO scan_sources: tailwindcss_oxide::scanner: Discovering "C:\\Users\\ABA\\L9ani\\src\\app\\api\\username-check"
2025-12-22T21:38:52.468600Z  INFO scan_sources: tailwindcss_oxide::scanner: Discovering "C:\\Users\\ABA\\L9ani\\src\\app\\reset-password"
2025-12-22T21:38:52.468971Z  INFO scan_sources: tailwindcss_oxide::scanner: Discovering "C:\\Users\\ABA\\L9ani\\src\\app\\reset-password\\page.js"
2025-12-22T21:38:52.469332Z  INFO scan_sources: tailwindcss_oxide::scanner: Discovering "C:\\Users\\ABA\\L9ani\\src\\app\\[locale]"
2025-12-22T21:38:52.469863Z  INFO scan_sources: tailwindcss_oxide::scanner: Discovering "C:\\Users\\ABA\\L9ani\\src\\app\\[locale]\\about"
2025-12-22T21:38:52.470845Z  INFO scan_sources: tailwindcss_oxide::scanner: Discovering "C:\\Users\\ABA\\L9ani\\src\\app\\[locale]\\admin"
2025-12-22T21:38:52.472281Z  INFO scan_sources: tailwindcss_oxide::scanner: Discovering "C:\\Users\\ABA\\L9ani\\src\\app\\[locale]\\contact"
2025-12-22T21:38:52.473536Z  INFO scan_sources: tailwindcss_oxide::scanner: Discovering "C:\\Users\\ABA\\L9ani\\src\\app\\[locale]\\my-report"
2025-12-22T21:38:52.474656Z  INFO scan_sources: tailwindcss_oxide::scanner: Discovering "C:\\Users\\ABA\\L9ani\\src\\app\\[locale]\\privacy"
2025-12-22T21:38:52.475294Z  INFO scan_sources: tailwindcss_oxide::scanner: Discovering "C:\\Users\\ABA\\L9ani\\src\\app\\[locale]\\profile"
2025-12-22T21:38:52.476091Z  INFO scan_sources: tailwindcss_oxide::scanner: Discovering "C:\\Users\\ABA\\L9ani\\src\\app\\[locale]\\report-missing"
2025-12-22T21:38:52.477246Z  INFO scan_sources: tailwindcss_oxide::scanner: Discovering "C:\\Users\\ABA\\L9ani\\src\\app\\[locale]\\report-sighting"
2025-12-22T21:38:52.477978Z  INFO scan_sources: tailwindcss_oxide::scanner: Discovering "C:\\Users\\ABA\\L9ani\\src\\app\\[locale]\\reset-password"
2025-12-22T21:38:52.479647Z  INFO scan_sources: tailwindcss_oxide::scanner: Discovering "C:\\Users\\ABA\\L9ani\\src\\app\\[locale]\\settings"
2025-12-22T21:38:52.480614Z  INFO scan_sources: tailwindcss_oxide::scanner: Discovering "C:\\Users\\ABA\\L9ani\\src\\components"
2025-12-22T21:38:52.482045Z  INFO scan_sources: tailwindcss_oxide::scanner: Discovering "C:\\Users\\ABA\\L9ani\\src\\components\\chat"
2025-12-22T21:38:52.484564Z  INFO scan_sources: tailwindcss_oxide::scanner: Discovering "C:\\Users\\ABA\\L9ani\\src\\context"
2025-12-22T21:38:52.487091Z  INFO scan_sources: tailwindcss_oxide::scanner: Discovering "C:\\Users\\ABA\\L9ani\\src\\data"
2025-12-22T21:38:52.487808Z  INFO scan_sources: tailwindcss_oxide::scanner: Discovering "C:\\Users\\ABA\\L9ani\\src\\i18n"
2025-12-22T21:38:52.488773Z  INFO scan_sources: tailwindcss_oxide::scanner: Discovering "C:\\Users\\ABA\\L9ani\\src\\lib"
2025-12-22T21:38:52.490293Z  INFO scan_sources: tailwindcss_oxide::scanner: exit
2025-12-22T21:38:52.490343Z  INFO extract_candidates: tailwindcss_oxide::scanner: enter
2025-12-22T21:38:52.490363Z  INFO extract_candidates:read_all_files: tailwindcss_oxide::scanner: enter
2025-12-22T21:38:52.490373Z  INFO extract_candidates:read_all_files: tailwindcss_oxide::scanner: Reading 1 file(s)
2025-12-22T21:38:52.490674Z  INFO extract_candidates:read_all_files: tailwindcss_oxide::scanner: Reading "C:\\Users\\ABA\\L9ani\\src\\app\\reset-password\\page.js"
2025-12-22T21:38:52.490740Z  INFO extract_candidates:read_all_files: tailwindcss_oxide::scanner: exit
2025-12-22T21:38:52.490755Z  INFO extract_candidates:parse_all_blobs: tailwindcss_oxide::scanner: enter
2025-12-22T21:38:52.490767Z  INFO extract_candidates:parse_all_blobs:extract: tailwindcss_oxide::scanner: enter
2025-12-22T21:38:52.494544Z  INFO extract_candidates:parse_all_blobs:extract: tailwindcss_oxide::scanner: exit
2025-12-22T21:38:52.494608Z  INFO extract_candidates:parse_all_blobs: tailwindcss_oxide::scanner: exit
2025-12-22T21:38:52.495043Z  INFO extract_candidates: tailwindcss_oxide::scanner: exit
2025-12-22T21:38:52.504832Z  INFO get_files: tailwindcss_oxide::scanner: enter
2025-12-22T21:38:52.504886Z  INFO get_files:scan_sources: tailwindcss_oxide::scanner: enter
2025-12-22T21:38:52.509481Z  INFO get_files:scan_sources: tailwindcss_oxide::scanner: Discovering "C:\\Users\\ABA\\L9ani\\database"
2025-12-22T21:38:52.510413Z  INFO get_files:scan_sources: tailwindcss_oxide::scanner: Discovering "C:\\Users\\ABA\\L9ani\\database\\migrations"
2025-12-22T21:38:52.513365Z  INFO get_files:scan_sources: tailwindcss_oxide::scanner: Discovering "C:\\Users\\ABA\\L9ani\\docs"
2025-12-22T21:38:52.514101Z  INFO get_files:scan_sources: tailwindcss_oxide::scanner: Discovering "C:\\Users\\ABA\\L9ani\\docs\\email-templates"
2025-12-22T21:38:52.517401Z  INFO get_files:scan_sources: tailwindcss_oxide::scanner: Discovering "C:\\Users\\ABA\\L9ani\\public"
2025-12-22T21:38:52.518448Z  INFO get_files:scan_sources: tailwindcss_oxide::scanner: Discovering "C:\\Users\\ABA\\L9ani\\public\\avatars"
2025-12-22T21:38:52.519546Z  INFO get_files:scan_sources: tailwindcss_oxide::scanner: Discovering "C:\\Users\\ABA\\L9ani\\public\\fonts"
2025-12-22T21:38:52.520497Z  INFO get_files:scan_sources: tailwindcss_oxide::scanner: Discovering "C:\\Users\\ABA\\L9ani\\public\\icons"
2025-12-22T21:38:52.521841Z  INFO get_files:scan_sources: tailwindcss_oxide::scanner: Discovering "C:\\Users\\ABA\\L9ani\\public\\locales"
2025-12-22T21:38:52.522956Z  INFO get_files:scan_sources: tailwindcss_oxide::scanner: Discovering "C:\\Users\\ABA\\L9ani\\public\\locales\\ar"
2025-12-22T21:38:52.527277Z  INFO get_files:scan_sources: tailwindcss_oxide::scanner: Discovering "C:\\Users\\ABA\\L9ani\\public\\locales\\en"
2025-12-22T21:38:52.530990Z  INFO get_files:scan_sources: tailwindcss_oxide::scanner: Discovering "C:\\Users\\ABA\\L9ani\\src"
2025-12-22T21:38:52.531553Z  INFO get_files:scan_sources: tailwindcss_oxide::scanner: Discovering "C:\\Users\\ABA\\L9ani\\src\\app"
2025-12-22T21:38:52.532512Z  INFO get_files:scan_sources: tailwindcss_oxide::scanner: Discovering "C:\\Users\\ABA\\L9ani\\src\\app\\api"
2025-12-22T21:38:52.533333Z  INFO get_files:scan_sources: tailwindcss_oxide::scanner: Discovering "C:\\Users\\ABA\\L9ani\\src\\app\\api\\admin"
2025-12-22T21:38:52.534116Z  INFO get_files:scan_sources: tailwindcss_oxide::scanner: Discovering "C:\\Users\\ABA\\L9ani\\src\\app\\api\\admin\\check"
2025-12-22T21:38:52.535029Z  INFO get_files:scan_sources: tailwindcss_oxide::scanner: Discovering "C:\\Users\\ABA\\L9ani\\src\\app\\api\\admin\\reports"
2025-12-22T21:38:52.536289Z  INFO get_files:scan_sources: tailwindcss_oxide::scanner: Discovering "C:\\Users\\ABA\\L9ani\\src\\app\\api\\admin\\sighting-reports"
2025-12-22T21:38:52.538973Z  INFO get_files:scan_sources: tailwindcss_oxide::scanner: Discovering "C:\\Users\\ABA\\L9ani\\src\\app\\api\\auth"
2025-12-22T21:38:52.540597Z  INFO get_files:scan_sources: tailwindcss_oxide::scanner: Discovering "C:\\Users\\ABA\\L9ani\\src\\app\\api\\auth\\callback"
2025-12-22T21:38:52.541589Z  INFO get_files:scan_sources: tailwindcss_oxide::scanner: Discovering "C:\\Users\\ABA\\L9ani\\src\\app\\api\\auth\\change-password"
2025-12-22T21:38:52.542394Z  INFO get_files:scan_sources: tailwindcss_oxide::scanner: Discovering "C:\\Users\\ABA\\L9ani\\src\\app\\api\\auth\\confirm"
2025-12-22T21:38:52.543248Z  INFO get_files:scan_sources: tailwindcss_oxide::scanner: Discovering "C:\\Users\\ABA\\L9ani\\src\\app\\api\\auth\\confirm-email-change"
2025-12-22T21:38:52.544107Z  INFO get_files:scan_sources: tailwindcss_oxide::scanner: Discovering "C:\\Users\\ABA\\L9ani\\src\\app\\api\\auth\\confirm-password-reset"
2025-12-22T21:38:52.545075Z  INFO get_files:scan_sources: tailwindcss_oxide::scanner: Discovering "C:\\Users\\ABA\\L9ani\\src\\app\\api\\auth\\confirm-signup"
2025-12-22T21:38:52.546263Z  INFO get_files:scan_sources: tailwindcss_oxide::scanner: Discovering "C:\\Users\\ABA\\L9ani\\src\\app\\api\\auth\\forgot-password"
2025-12-22T21:38:52.547164Z  INFO get_files:scan_sources: tailwindcss_oxide::scanner: Discovering "C:\\Users\\ABA\\L9ani\\src\\app\\api\\auth\\login"
2025-12-22T21:38:52.548693Z  INFO get_files:scan_sources: tailwindcss_oxide::scanner: Discovering "C:\\Users\\ABA\\L9ani\\src\\app\\api\\auth\\request-email-change"
2025-12-22T21:38:52.550054Z  INFO get_files:scan_sources: tailwindcss_oxide::scanner: Discovering "C:\\Users\\ABA\\L9ani\\src\\app\\api\\auth\\request-password-reset"
2025-12-22T21:38:52.552027Z  INFO get_files:scan_sources: tailwindcss_oxide::scanner: Discovering "C:\\Users\\ABA\\L9ani\\src\\app\\api\\auth\\resend-code"
2025-12-22T21:38:52.553142Z  INFO get_files:scan_sources: tailwindcss_oxide::scanner: Discovering "C:\\Users\\ABA\\L9ani\\src\\app\\api\\auth\\resend-verification"
2025-12-22T21:38:52.555467Z  INFO get_files:scan_sources: tailwindcss_oxide::scanner: Discovering "C:\\Users\\ABA\\L9ani\\src\\app\\api\\auth\\reset-password"
2025-12-22T21:38:52.556329Z  INFO get_files:scan_sources: tailwindcss_oxide::scanner: Discovering "C:\\Users\\ABA\\L9ani\\src\\app\\api\\auth\\set-password"
2025-12-22T21:38:52.557161Z  INFO get_files:scan_sources: tailwindcss_oxide::scanner: Discovering "C:\\Users\\ABA\\L9ani\\src\\app\\api\\auth\\signup"
2025-12-22T21:38:52.557998Z  INFO get_files:scan_sources: tailwindcss_oxide::scanner: Discovering "C:\\Users\\ABA\\L9ani\\src\\app\\api\\auth\\verify"
2025-12-22T21:38:52.559078Z  INFO get_files:scan_sources: tailwindcss_oxide::scanner: Discovering "C:\\Users\\ABA\\L9ani\\src\\app\\api\\auth\\verify-password"
2025-12-22T21:38:52.559837Z  INFO get_files:scan_sources: tailwindcss_oxide::scanner: Discovering "C:\\Users\\ABA\\L9ani\\src\\app\\api\\chat"
2025-12-22T21:38:52.560357Z  INFO get_files:scan_sources: tailwindcss_oxide::scanner: Discovering "C:\\Users\\ABA\\L9ani\\src\\app\\api\\chat\\feedback"
2025-12-22T21:38:52.561043Z  INFO get_files:scan_sources: tailwindcss_oxide::scanner: Discovering "C:\\Users\\ABA\\L9ani\\src\\app\\api\\chat\\quick-replies"
2025-12-22T21:38:52.562321Z  INFO get_files:scan_sources: tailwindcss_oxide::scanner: Discovering "C:\\Users\\ABA\\L9ani\\src\\app\\api\\delete-account"
2025-12-22T21:38:52.563436Z  INFO get_files:scan_sources: tailwindcss_oxide::scanner: Discovering "C:\\Users\\ABA\\L9ani\\src\\app\\api\\email-check"
2025-12-22T21:38:52.564104Z  INFO get_files:scan_sources: tailwindcss_oxide::scanner: Discovering "C:\\Users\\ABA\\L9ani\\src\\app\\api\\notifications"
2025-12-22T21:38:52.565085Z  INFO get_files:scan_sources: tailwindcss_oxide::scanner: Discovering "C:\\Users\\ABA\\L9ani\\src\\app\\api\\notifications\\read-all"
2025-12-22T21:38:52.566782Z  INFO get_files:scan_sources: tailwindcss_oxide::scanner: Discovering "C:\\Users\\ABA\\L9ani\\src\\app\\api\\notifications\\unread-count"
2025-12-22T21:38:52.567570Z  INFO get_files:scan_sources: tailwindcss_oxide::scanner: Discovering "C:\\Users\\ABA\\L9ani\\src\\app\\api\\notifications\\[id]"
2025-12-22T21:38:52.568657Z  INFO get_files:scan_sources: tailwindcss_oxide::scanner: Discovering "C:\\Users\\ABA\\L9ani\\src\\app\\api\\reports"
2025-12-22T21:38:52.569569Z  INFO get_files:scan_sources: tailwindcss_oxide::scanner: Discovering "C:\\Users\\ABA\\L9ani\\src\\app\\api\\reports\\missing"
2025-12-22T21:38:52.571353Z  INFO get_files:scan_sources: tailwindcss_oxide::scanner: Discovering "C:\\Users\\ABA\\L9ani\\src\\app\\api\\reports\\sighting"
2025-12-22T21:38:52.572377Z  INFO get_files:scan_sources: tailwindcss_oxide::scanner: Discovering "C:\\Users\\ABA\\L9ani\\src\\app\\api\\user"
2025-12-22T21:38:52.573048Z  INFO get_files:scan_sources: tailwindcss_oxide::scanner: Discovering "C:\\Users\\ABA\\L9ani\\src\\app\\api\\user\\accept-terms"
2025-12-22T21:38:52.573850Z  INFO get_files:scan_sources: tailwindcss_oxide::scanner: Discovering "C:\\Users\\ABA\\L9ani\\src\\app\\api\\user\\profile"
2025-12-22T21:38:52.574676Z  INFO get_files:scan_sources: tailwindcss_oxide::scanner: Discovering "C:\\Users\\ABA\\L9ani\\src\\app\\api\\user\\settings"
2025-12-22T21:38:52.575574Z  INFO get_files:scan_sources: tailwindcss_oxide::scanner: Discovering "C:\\Users\\ABA\\L9ani\\src\\app\\api\\user\\update"
2025-12-22T21:38:52.576312Z  INFO get_files:scan_sources: tailwindcss_oxide::scanner: Discovering "C:\\Users\\ABA\\L9ani\\src\\app\\api\\user\\upload-profile-picture"
2025-12-22T21:38:52.577135Z  INFO get_files:scan_sources: tailwindcss_oxide::scanner: Discovering "C:\\Users\\ABA\\L9ani\\src\\app\\api\\username-check"
2025-12-22T21:38:52.578260Z  INFO get_files:scan_sources: tailwindcss_oxide::scanner: Discovering "C:\\Users\\ABA\\L9ani\\src\\app\\reset-password"
2025-12-22T21:38:52.579066Z  INFO get_files:scan_sources: tailwindcss_oxide::scanner: Discovering "C:\\Users\\ABA\\L9ani\\src\\app\\[locale]"
2025-12-22T21:38:52.579617Z  INFO get_files:scan_sources: tailwindcss_oxide::scanner: Discovering "C:\\Users\\ABA\\L9ani\\src\\app\\[locale]\\about"
2025-12-22T21:38:52.580321Z  INFO get_files:scan_sources: tailwindcss_oxide::scanner: Discovering "C:\\Users\\ABA\\L9ani\\src\\app\\[locale]\\admin"
2025-12-22T21:38:52.581322Z  INFO get_files:scan_sources: tailwindcss_oxide::scanner: Discovering "C:\\Users\\ABA\\L9ani\\src\\app\\[locale]\\contact"
2025-12-22T21:38:52.582017Z  INFO get_files:scan_sources: tailwindcss_oxide::scanner: Discovering "C:\\Users\\ABA\\L9ani\\src\\app\\[locale]\\my-report"
2025-12-22T21:38:52.582797Z  INFO get_files:scan_sources: tailwindcss_oxide::scanner: Discovering "C:\\Users\\ABA\\L9ani\\src\\app\\[locale]\\privacy"
2025-12-22T21:38:52.583460Z  INFO get_files:scan_sources: tailwindcss_oxide::scanner: Discovering "C:\\Users\\ABA\\L9ani\\src\\app\\[locale]\\profile"
2025-12-22T21:38:52.584106Z  INFO get_files:scan_sources: tailwindcss_oxide::scanner: Discovering "C:\\Users\\ABA\\L9ani\\src\\app\\[locale]\\report-missing"
2025-12-22T21:38:52.584766Z  INFO get_files:scan_sources: tailwindcss_oxide::scanner: Discovering "C:\\Users\\ABA\\L9ani\\src\\app\\[locale]\\report-sighting"
2025-12-22T21:38:52.585790Z  INFO get_files:scan_sources: tailwindcss_oxide::scanner: Discovering "C:\\Users\\ABA\\L9ani\\src\\app\\[locale]\\reset-password"
2025-12-22T21:38:52.587398Z  INFO get_files:scan_sources: tailwindcss_oxide::scanner: Discovering "C:\\Users\\ABA\\L9ani\\src\\app\\[locale]\\settings"
2025-12-22T21:38:52.588810Z  INFO get_files:scan_sources: tailwindcss_oxide::scanner: Discovering "C:\\Users\\ABA\\L9ani\\src\\components"
2025-12-22T21:38:52.589967Z  INFO get_files:scan_sources: tailwindcss_oxide::scanner: Discovering "C:\\Users\\ABA\\L9ani\\src\\components\\chat"
2025-12-22T21:38:52.592570Z  INFO get_files:scan_sources: tailwindcss_oxide::scanner: Discovering "C:\\Users\\ABA\\L9ani\\src\\context"
2025-12-22T21:38:52.593955Z  INFO get_files:scan_sources: tailwindcss_oxide::scanner: Discovering "C:\\Users\\ABA\\L9ani\\src\\data"
2025-12-22T21:38:52.594914Z  INFO get_files:scan_sources: tailwindcss_oxide::scanner: Discovering "C:\\Users\\ABA\\L9ani\\src\\i18n"
2025-12-22T21:38:52.596128Z  INFO get_files:scan_sources: tailwindcss_oxide::scanner: Discovering "C:\\Users\\ABA\\L9ani\\src\\lib"
2025-12-22T21:38:52.597102Z  INFO get_files:scan_sources: tailwindcss_oxide::scanner: exit
2025-12-22T21:38:52.597338Z  INFO get_files: tailwindcss_oxide::scanner: exit
2025-12-22T21:38:52.598755Z  INFO get_globs: tailwindcss_oxide::scanner: enter
2025-12-22T21:38:52.598794Z  INFO get_globs: tailwindcss_oxide::scanner: exit
